2024-02-13 02:11:04 - root - INFO - This is an informational message.
2024-02-13 02:11:04 - root - ERROR - This is an error message.
2024-02-13 02:11:04 - ShopBotLogger - INFO - Starting bot...
2024-02-13 02:11:04 - httpx - INFO - HTTP Request: POST https://api.telegram.org/bot6498122288:AAEwLtSx9AeMnXMt5VeWlzpx3csNF-MUCd4/getMe "HTTP/1.1 200 OK"
2024-02-13 02:11:04 - httpx - INFO - HTTP Request: POST https://api.telegram.org/bot6498122288:AAEwLtSx9AeMnXMt5VeWlzpx3csNF-MUCd4/deleteWebhook "HTTP/1.1 200 OK"
2024-02-13 02:11:04 - telegram.ext.Application - INFO - Application started
2024-02-13 02:11:15 - httpx - INFO - HTTP Request: POST https://api.telegram.org/bot6498122288:AAEwLtSx9AeMnXMt5VeWlzpx3csNF-MUCd4/getUpdates "HTTP/1.1 200 OK"
2024-02-13 02:11:25 - httpx - INFO - HTTP Request: POST https://api.telegram.org/bot6498122288:AAEwLtSx9AeMnXMt5VeWlzpx3csNF-MUCd4/getUpdates "HTTP/1.1 200 OK"
2024-02-13 02:11:35 - httpx - INFO - HTTP Request: POST https://api.telegram.org/bot6498122288:AAEwLtSx9AeMnXMt5VeWlzpx3csNF-MUCd4/getUpdates "HTTP/1.1 200 OK"
2024-02-13 02:11:45 - httpx - INFO - HTTP Request: POST https://api.telegram.org/bot6498122288:AAEwLtSx9AeMnXMt5VeWlzpx3csNF-MUCd4/getUpdates "HTTP/1.1 200 OK"
2024-02-13 02:11:46 - httpx - INFO - HTTP Request: POST https://api.telegram.org/bot6498122288:AAEwLtSx9AeMnXMt5VeWlzpx3csNF-MUCd4/getUpdates "HTTP/1.1 200 OK"
2024-02-13 02:11:46 - httpx - INFO - HTTP Request: POST https://api.telegram.org/bot6498122288:AAEwLtSx9AeMnXMt5VeWlzpx3csNF-MUCd4/sendMessage "HTTP/1.1 200 OK"
2024-02-13 02:11:48 - httpx - INFO - HTTP Request: POST https://api.telegram.org/bot6498122288:AAEwLtSx9AeMnXMt5VeWlzpx3csNF-MUCd4/getUpdates "HTTP/1.1 200 OK"
2024-02-13 02:11:48 - httpx - INFO - HTTP Request: POST https://api.telegram.org/bot6498122288:AAEwLtSx9AeMnXMt5VeWlzpx3csNF-MUCd4/sendMessage "HTTP/1.1 200 OK"
2024-02-13 02:11:58 - httpx - INFO - HTTP Request: POST https://api.telegram.org/bot6498122288:AAEwLtSx9AeMnXMt5VeWlzpx3csNF-MUCd4/getUpdates "HTTP/1.1 200 OK"
2024-02-13 02:12:01 - httpx - INFO - HTTP Request: POST https://api.telegram.org/bot6498122288:AAEwLtSx9AeMnXMt5VeWlzpx3csNF-MUCd4/getUpdates "HTTP/1.1 200 OK"
2024-02-13 02:12:01 - httpx - INFO - HTTP Request: POST https://api.telegram.org/bot6498122288:AAEwLtSx9AeMnXMt5VeWlzpx3csNF-MUCd4/sendMessage "HTTP/1.1 200 OK"
2024-02-13 02:12:07 - httpx - INFO - HTTP Request: POST https://api.telegram.org/bot6498122288:AAEwLtSx9AeMnXMt5VeWlzpx3csNF-MUCd4/getUpdates "HTTP/1.1 200 OK"
2024-02-13 02:12:08 - httpx - INFO - HTTP Request: POST https://api.telegram.org/bot6498122288:AAEwLtSx9AeMnXMt5VeWlzpx3csNF-MUCd4/sendMessage "HTTP/1.1 200 OK"
2024-02-13 02:12:18 - httpx - INFO - HTTP Request: POST https://api.telegram.org/bot6498122288:AAEwLtSx9AeMnXMt5VeWlzpx3csNF-MUCd4/getUpdates "HTTP/1.1 200 OK"
2024-02-13 02:12:28 - httpx - INFO - HTTP Request: POST https://api.telegram.org/bot6498122288:AAEwLtSx9AeMnXMt5VeWlzpx3csNF-MUCd4/getUpdates "HTTP/1.1 200 OK"
2024-02-13 02:12:30 - httpx - INFO - HTTP Request: POST https://api.telegram.org/bot6498122288:AAEwLtSx9AeMnXMt5VeWlzpx3csNF-MUCd4/getUpdates "HTTP/1.1 200 OK"
2024-02-13 02:12:31 - httpx - INFO - HTTP Request: POST https://api.telegram.org/bot6498122288:AAEwLtSx9AeMnXMt5VeWlzpx3csNF-MUCd4/sendMessage "HTTP/1.1 200 OK"
2024-02-13 02:12:38 - httpx - INFO - HTTP Request: POST https://api.telegram.org/bot6498122288:AAEwLtSx9AeMnXMt5VeWlzpx3csNF-MUCd4/getUpdates "HTTP/1.1 200 OK"
2024-02-13 02:12:38 - httpx - INFO - HTTP Request: POST https://api.telegram.org/bot6498122288:AAEwLtSx9AeMnXMt5VeWlzpx3csNF-MUCd4/sendMessage "HTTP/1.1 200 OK"
2024-02-13 02:12:48 - httpx - INFO - HTTP Request: POST https://api.telegram.org/bot6498122288:AAEwLtSx9AeMnXMt5VeWlzpx3csNF-MUCd4/getUpdates "HTTP/1.1 200 OK"
2024-02-13 02:12:55 - httpx - INFO - HTTP Request: POST https://api.telegram.org/bot6498122288:AAEwLtSx9AeMnXMt5VeWlzpx3csNF-MUCd4/getUpdates "HTTP/1.1 200 OK"
2024-02-13 02:12:56 - httpx - INFO - HTTP Request: POST https://api.telegram.org/bot6498122288:AAEwLtSx9AeMnXMt5VeWlzpx3csNF-MUCd4/sendMessage "HTTP/1.1 200 OK"
2024-02-13 02:13:01 - httpx - INFO - HTTP Request: POST https://api.telegram.org/bot6498122288:AAEwLtSx9AeMnXMt5VeWlzpx3csNF-MUCd4/getUpdates "HTTP/1.1 200 OK"
2024-02-13 02:13:02 - httpx - INFO - HTTP Request: POST https://api.telegram.org/bot6498122288:AAEwLtSx9AeMnXMt5VeWlzpx3csNF-MUCd4/sendMessage "HTTP/1.1 200 OK"
2024-02-13 02:13:11 - httpx - INFO - HTTP Request: POST https://api.telegram.org/bot6498122288:AAEwLtSx9AeMnXMt5VeWlzpx3csNF-MUCd4/getUpdates "HTTP/1.1 200 OK"
2024-02-13 02:13:21 - httpx - INFO - HTTP Request: POST https://api.telegram.org/bot6498122288:AAEwLtSx9AeMnXMt5VeWlzpx3csNF-MUCd4/getUpdates "HTTP/1.1 200 OK"
2024-02-13 02:13:32 - httpx - INFO - HTTP Request: POST https://api.telegram.org/bot6498122288:AAEwLtSx9AeMnXMt5VeWlzpx3csNF-MUCd4/getUpdates "HTTP/1.1 200 OK"
2024-02-13 02:13:42 - httpx - INFO - HTTP Request: POST https://api.telegram.org/bot6498122288:AAEwLtSx9AeMnXMt5VeWlzpx3csNF-MUCd4/getUpdates "HTTP/1.1 200 OK"
2024-02-13 02:13:52 - httpx - INFO - HTTP Request: POST https://api.telegram.org/bot6498122288:AAEwLtSx9AeMnXMt5VeWlzpx3csNF-MUCd4/getUpdates "HTTP/1.1 200 OK"
2024-02-13 02:14:02 - httpx - INFO - HTTP Request: POST https://api.telegram.org/bot6498122288:AAEwLtSx9AeMnXMt5VeWlzpx3csNF-MUCd4/getUpdates "HTTP/1.1 200 OK"
2024-02-13 02:14:12 - httpx - INFO - HTTP Request: POST https://api.telegram.org/bot6498122288:AAEwLtSx9AeMnXMt5VeWlzpx3csNF-MUCd4/getUpdates "HTTP/1.1 200 OK"
2024-02-13 02:14:22 - httpx - INFO - HTTP Request: POST https://api.telegram.org/bot6498122288:AAEwLtSx9AeMnXMt5VeWlzpx3csNF-MUCd4/getUpdates "HTTP/1.1 200 OK"
2024-02-13 02:14:32 - httpx - INFO - HTTP Request: POST https://api.telegram.org/bot6498122288:AAEwLtSx9AeMnXMt5VeWlzpx3csNF-MUCd4/getUpdates "HTTP/1.1 200 OK"
2024-02-13 02:14:42 - httpx - INFO - HTTP Request: POST https://api.telegram.org/bot6498122288:AAEwLtSx9AeMnXMt5VeWlzpx3csNF-MUCd4/getUpdates "HTTP/1.1 200 OK"
2024-02-13 02:14:52 - httpx - INFO - HTTP Request: POST https://api.telegram.org/bot6498122288:AAEwLtSx9AeMnXMt5VeWlzpx3csNF-MUCd4/getUpdates "HTTP/1.1 200 OK"
2024-02-13 02:15:02 - httpx - INFO - HTTP Request: POST https://api.telegram.org/bot6498122288:AAEwLtSx9AeMnXMt5VeWlzpx3csNF-MUCd4/getUpdates "HTTP/1.1 200 OK"
2024-02-13 02:15:12 - httpx - INFO - HTTP Request: POST https://api.telegram.org/bot6498122288:AAEwLtSx9AeMnXMt5VeWlzpx3csNF-MUCd4/getUpdates "HTTP/1.1 200 OK"
2024-02-13 02:15:22 - httpx - INFO - HTTP Request: POST https://api.telegram.org/bot6498122288:AAEwLtSx9AeMnXMt5VeWlzpx3csNF-MUCd4/getUpdates "HTTP/1.1 200 OK"
2024-02-13 02:15:32 - httpx - INFO - HTTP Request: POST https://api.telegram.org/bot6498122288:AAEwLtSx9AeMnXMt5VeWlzpx3csNF-MUCd4/getUpdates "HTTP/1.1 200 OK"
2024-02-13 02:15:42 - httpx - INFO - HTTP Request: POST https://api.telegram.org/bot6498122288:AAEwLtSx9AeMnXMt5VeWlzpx3csNF-MUCd4/getUpdates "HTTP/1.1 200 OK"
2024-02-13 02:15:52 - httpx - INFO - HTTP Request: POST https://api.telegram.org/bot6498122288:AAEwLtSx9AeMnXMt5VeWlzpx3csNF-MUCd4/getUpdates "HTTP/1.1 200 OK"
2024-02-13 02:16:02 - httpx - INFO - HTTP Request: POST https://api.telegram.org/bot6498122288:AAEwLtSx9AeMnXMt5VeWlzpx3csNF-MUCd4/getUpdates "HTTP/1.1 200 OK"
2024-02-13 02:16:12 - httpx - INFO - HTTP Request: POST https://api.telegram.org/bot6498122288:AAEwLtSx9AeMnXMt5VeWlzpx3csNF-MUCd4/getUpdates "HTTP/1.1 200 OK"
2024-02-13 02:16:23 - httpx - INFO - HTTP Request: POST https://api.telegram.org/bot6498122288:AAEwLtSx9AeMnXMt5VeWlzpx3csNF-MUCd4/getUpdates "HTTP/1.1 200 OK"
2024-02-13 02:16:33 - httpx - INFO - HTTP Request: POST https://api.telegram.org/bot6498122288:AAEwLtSx9AeMnXMt5VeWlzpx3csNF-MUCd4/getUpdates "HTTP/1.1 200 OK"
2024-02-13 02:16:43 - httpx - INFO - HTTP Request: POST https://api.telegram.org/bot6498122288:AAEwLtSx9AeMnXMt5VeWlzpx3csNF-MUCd4/getUpdates "HTTP/1.1 200 OK"
2024-02-13 02:16:53 - httpx - INFO - HTTP Request: POST https://api.telegram.org/bot6498122288:AAEwLtSx9AeMnXMt5VeWlzpx3csNF-MUCd4/getUpdates "HTTP/1.1 200 OK"
2024-02-13 02:17:03 - httpx - INFO - HTTP Request: POST https://api.telegram.org/bot6498122288:AAEwLtSx9AeMnXMt5VeWlzpx3csNF-MUCd4/getUpdates "HTTP/1.1 200 OK"
2024-02-13 02:17:13 - httpx - INFO - HTTP Request: POST https://api.telegram.org/bot6498122288:AAEwLtSx9AeMnXMt5VeWlzpx3csNF-MUCd4/getUpdates "HTTP/1.1 200 OK"
2024-02-13 02:17:20 - httpx - INFO - HTTP Request: POST https://api.telegram.org/bot6498122288:AAEwLtSx9AeMnXMt5VeWlzpx3csNF-MUCd4/getUpdates "HTTP/1.1 200 OK"
2024-02-13 02:17:20 - telegram.ext.Application - INFO - Application is stopping. This might take a moment.
2024-02-13 02:17:20 - telegram.ext.Application - INFO - Application.stop() complete
2024-02-13 02:17:34 - root - INFO - This is an informational message.
2024-02-13 02:17:34 - root - ERROR - This is an error message.
2024-02-13 02:17:35 - ShopBotLogger - INFO - Starting bot...
2024-02-13 02:17:35 - httpx - INFO - HTTP Request: POST https://api.telegram.org/bot6498122288:AAEwLtSx9AeMnXMt5VeWlzpx3csNF-MUCd4/getMe "HTTP/1.1 200 OK"
2024-02-13 02:17:35 - httpx - INFO - HTTP Request: POST https://api.telegram.org/bot6498122288:AAEwLtSx9AeMnXMt5VeWlzpx3csNF-MUCd4/deleteWebhook "HTTP/1.1 200 OK"
2024-02-13 02:17:35 - telegram.ext.Application - INFO - Application started
2024-02-13 02:17:46 - httpx - INFO - HTTP Request: POST https://api.telegram.org/bot6498122288:AAEwLtSx9AeMnXMt5VeWlzpx3csNF-MUCd4/getUpdates "HTTP/1.1 200 OK"
2024-02-13 02:17:56 - httpx - INFO - HTTP Request: POST https://api.telegram.org/bot6498122288:AAEwLtSx9AeMnXMt5VeWlzpx3csNF-MUCd4/getUpdates "HTTP/1.1 200 OK"
2024-02-13 02:18:06 - httpx - INFO - HTTP Request: POST https://api.telegram.org/bot6498122288:AAEwLtSx9AeMnXMt5VeWlzpx3csNF-MUCd4/getUpdates "HTTP/1.1 200 OK"
2024-02-13 02:18:16 - httpx - INFO - HTTP Request: POST https://api.telegram.org/bot6498122288:AAEwLtSx9AeMnXMt5VeWlzpx3csNF-MUCd4/getUpdates "HTTP/1.1 200 OK"
2024-02-13 02:18:26 - httpx - INFO - HTTP Request: POST https://api.telegram.org/bot6498122288:AAEwLtSx9AeMnXMt5VeWlzpx3csNF-MUCd4/getUpdates "HTTP/1.1 200 OK"
2024-02-13 02:18:36 - httpx - INFO - HTTP Request: POST https://api.telegram.org/bot6498122288:AAEwLtSx9AeMnXMt5VeWlzpx3csNF-MUCd4/getUpdates "HTTP/1.1 200 OK"
2024-02-13 02:18:46 - httpx - INFO - HTTP Request: POST https://api.telegram.org/bot6498122288:AAEwLtSx9AeMnXMt5VeWlzpx3csNF-MUCd4/getUpdates "HTTP/1.1 200 OK"
2024-02-13 02:18:56 - httpx - INFO - HTTP Request: POST https://api.telegram.org/bot6498122288:AAEwLtSx9AeMnXMt5VeWlzpx3csNF-MUCd4/getUpdates "HTTP/1.1 200 OK"
2024-02-13 02:19:06 - httpx - INFO - HTTP Request: POST https://api.telegram.org/bot6498122288:AAEwLtSx9AeMnXMt5VeWlzpx3csNF-MUCd4/getUpdates "HTTP/1.1 200 OK"
2024-02-13 02:19:16 - httpx - INFO - HTTP Request: POST https://api.telegram.org/bot6498122288:AAEwLtSx9AeMnXMt5VeWlzpx3csNF-MUCd4/getUpdates "HTTP/1.1 200 OK"
2024-02-13 02:19:26 - httpx - INFO - HTTP Request: POST https://api.telegram.org/bot6498122288:AAEwLtSx9AeMnXMt5VeWlzpx3csNF-MUCd4/getUpdates "HTTP/1.1 200 OK"
2024-02-13 02:19:36 - httpx - INFO - HTTP Request: POST https://api.telegram.org/bot6498122288:AAEwLtSx9AeMnXMt5VeWlzpx3csNF-MUCd4/getUpdates "HTTP/1.1 200 OK"
2024-02-13 02:19:46 - httpx - INFO - HTTP Request: POST https://api.telegram.org/bot6498122288:AAEwLtSx9AeMnXMt5VeWlzpx3csNF-MUCd4/getUpdates "HTTP/1.1 200 OK"
2024-02-13 02:19:56 - httpx - INFO - HTTP Request: POST https://api.telegram.org/bot6498122288:AAEwLtSx9AeMnXMt5VeWlzpx3csNF-MUCd4/getUpdates "HTTP/1.1 200 OK"
2024-02-13 02:20:06 - httpx - INFO - HTTP Request: POST https://api.telegram.org/bot6498122288:AAEwLtSx9AeMnXMt5VeWlzpx3csNF-MUCd4/getUpdates "HTTP/1.1 200 OK"
2024-02-13 02:20:16 - httpx - INFO - HTTP Request: POST https://api.telegram.org/bot6498122288:AAEwLtSx9AeMnXMt5VeWlzpx3csNF-MUCd4/getUpdates "HTTP/1.1 200 OK"
2024-02-13 02:20:27 - httpx - INFO - HTTP Request: POST https://api.telegram.org/bot6498122288:AAEwLtSx9AeMnXMt5VeWlzpx3csNF-MUCd4/getUpdates "HTTP/1.1 200 OK"
2024-02-13 02:20:37 - httpx - INFO - HTTP Request: POST https://api.telegram.org/bot6498122288:AAEwLtSx9AeMnXMt5VeWlzpx3csNF-MUCd4/getUpdates "HTTP/1.1 200 OK"
2024-02-13 02:20:47 - httpx - INFO - HTTP Request: POST https://api.telegram.org/bot6498122288:AAEwLtSx9AeMnXMt5VeWlzpx3csNF-MUCd4/getUpdates "HTTP/1.1 200 OK"
2024-02-13 02:20:57 - httpx - INFO - HTTP Request: POST https://api.telegram.org/bot6498122288:AAEwLtSx9AeMnXMt5VeWlzpx3csNF-MUCd4/getUpdates "HTTP/1.1 200 OK"
2024-02-13 02:21:07 - httpx - INFO - HTTP Request: POST https://api.telegram.org/bot6498122288:AAEwLtSx9AeMnXMt5VeWlzpx3csNF-MUCd4/getUpdates "HTTP/1.1 200 OK"
2024-02-13 02:21:17 - httpx - INFO - HTTP Request: POST https://api.telegram.org/bot6498122288:AAEwLtSx9AeMnXMt5VeWlzpx3csNF-MUCd4/getUpdates "HTTP/1.1 200 OK"
2024-02-13 02:21:27 - httpx - INFO - HTTP Request: POST https://api.telegram.org/bot6498122288:AAEwLtSx9AeMnXMt5VeWlzpx3csNF-MUCd4/getUpdates "HTTP/1.1 200 OK"
2024-02-13 02:21:37 - httpx - INFO - HTTP Request: POST https://api.telegram.org/bot6498122288:AAEwLtSx9AeMnXMt5VeWlzpx3csNF-MUCd4/getUpdates "HTTP/1.1 200 OK"
2024-02-13 02:21:47 - httpx - INFO - HTTP Request: POST https://api.telegram.org/bot6498122288:AAEwLtSx9AeMnXMt5VeWlzpx3csNF-MUCd4/getUpdates "HTTP/1.1 200 OK"
2024-02-13 02:21:57 - httpx - INFO - HTTP Request: POST https://api.telegram.org/bot6498122288:AAEwLtSx9AeMnXMt5VeWlzpx3csNF-MUCd4/getUpdates "HTTP/1.1 200 OK"
2024-02-13 02:22:07 - httpx - INFO - HTTP Request: POST https://api.telegram.org/bot6498122288:AAEwLtSx9AeMnXMt5VeWlzpx3csNF-MUCd4/getUpdates "HTTP/1.1 200 OK"
2024-02-13 02:22:17 - httpx - INFO - HTTP Request: POST https://api.telegram.org/bot6498122288:AAEwLtSx9AeMnXMt5VeWlzpx3csNF-MUCd4/getUpdates "HTTP/1.1 200 OK"
2024-02-13 02:22:27 - httpx - INFO - HTTP Request: POST https://api.telegram.org/bot6498122288:AAEwLtSx9AeMnXMt5VeWlzpx3csNF-MUCd4/getUpdates "HTTP/1.1 200 OK"
2024-02-13 02:22:37 - httpx - INFO - HTTP Request: POST https://api.telegram.org/bot6498122288:AAEwLtSx9AeMnXMt5VeWlzpx3csNF-MUCd4/getUpdates "HTTP/1.1 200 OK"
2024-02-13 02:22:47 - httpx - INFO - HTTP Request: POST https://api.telegram.org/bot6498122288:AAEwLtSx9AeMnXMt5VeWlzpx3csNF-MUCd4/getUpdates "HTTP/1.1 200 OK"
2024-02-13 02:22:58 - httpx - INFO - HTTP Request: POST https://api.telegram.org/bot6498122288:AAEwLtSx9AeMnXMt5VeWlzpx3csNF-MUCd4/getUpdates "HTTP/1.1 200 OK"
2024-02-13 02:23:08 - httpx - INFO - HTTP Request: POST https://api.telegram.org/bot6498122288:AAEwLtSx9AeMnXMt5VeWlzpx3csNF-MUCd4/getUpdates "HTTP/1.1 200 OK"
2024-02-13 02:23:18 - httpx - INFO - HTTP Request: POST https://api.telegram.org/bot6498122288:AAEwLtSx9AeMnXMt5VeWlzpx3csNF-MUCd4/getUpdates "HTTP/1.1 200 OK"
2024-02-13 02:23:28 - httpx - INFO - HTTP Request: POST https://api.telegram.org/bot6498122288:AAEwLtSx9AeMnXMt5VeWlzpx3csNF-MUCd4/getUpdates "HTTP/1.1 200 OK"
2024-02-13 02:23:38 - httpx - INFO - HTTP Request: POST https://api.telegram.org/bot6498122288:AAEwLtSx9AeMnXMt5VeWlzpx3csNF-MUCd4/getUpdates "HTTP/1.1 200 OK"
2024-02-13 02:23:48 - httpx - INFO - HTTP Request: POST https://api.telegram.org/bot6498122288:AAEwLtSx9AeMnXMt5VeWlzpx3csNF-MUCd4/getUpdates "HTTP/1.1 200 OK"
2024-02-13 02:23:58 - httpx - INFO - HTTP Request: POST https://api.telegram.org/bot6498122288:AAEwLtSx9AeMnXMt5VeWlzpx3csNF-MUCd4/getUpdates "HTTP/1.1 200 OK"
2024-02-13 02:24:08 - httpx - INFO - HTTP Request: POST https://api.telegram.org/bot6498122288:AAEwLtSx9AeMnXMt5VeWlzpx3csNF-MUCd4/getUpdates "HTTP/1.1 200 OK"
2024-02-13 02:24:18 - httpx - INFO - HTTP Request: POST https://api.telegram.org/bot6498122288:AAEwLtSx9AeMnXMt5VeWlzpx3csNF-MUCd4/getUpdates "HTTP/1.1 200 OK"
2024-02-13 02:24:28 - httpx - INFO - HTTP Request: POST https://api.telegram.org/bot6498122288:AAEwLtSx9AeMnXMt5VeWlzpx3csNF-MUCd4/getUpdates "HTTP/1.1 200 OK"
2024-02-13 02:24:38 - httpx - INFO - HTTP Request: POST https://api.telegram.org/bot6498122288:AAEwLtSx9AeMnXMt5VeWlzpx3csNF-MUCd4/getUpdates "HTTP/1.1 200 OK"
2024-02-13 02:24:48 - httpx - INFO - HTTP Request: POST https://api.telegram.org/bot6498122288:AAEwLtSx9AeMnXMt5VeWlzpx3csNF-MUCd4/getUpdates "HTTP/1.1 200 OK"
2024-02-13 02:24:58 - httpx - INFO - HTTP Request: POST https://api.telegram.org/bot6498122288:AAEwLtSx9AeMnXMt5VeWlzpx3csNF-MUCd4/getUpdates "HTTP/1.1 200 OK"
2024-02-13 02:25:08 - httpx - INFO - HTTP Request: POST https://api.telegram.org/bot6498122288:AAEwLtSx9AeMnXMt5VeWlzpx3csNF-MUCd4/getUpdates "HTTP/1.1 200 OK"
2024-02-13 02:25:18 - httpx - INFO - HTTP Request: POST https://api.telegram.org/bot6498122288:AAEwLtSx9AeMnXMt5VeWlzpx3csNF-MUCd4/getUpdates "HTTP/1.1 200 OK"
2024-02-13 02:25:28 - httpx - INFO - HTTP Request: POST https://api.telegram.org/bot6498122288:AAEwLtSx9AeMnXMt5VeWlzpx3csNF-MUCd4/getUpdates "HTTP/1.1 200 OK"
2024-02-13 02:25:38 - httpx - INFO - HTTP Request: POST https://api.telegram.org/bot6498122288:AAEwLtSx9AeMnXMt5VeWlzpx3csNF-MUCd4/getUpdates "HTTP/1.1 200 OK"
2024-02-13 02:25:48 - httpx - INFO - HTTP Request: POST https://api.telegram.org/bot6498122288:AAEwLtSx9AeMnXMt5VeWlzpx3csNF-MUCd4/getUpdates "HTTP/1.1 200 OK"
2024-02-13 02:25:59 - httpx - INFO - HTTP Request: POST https://api.telegram.org/bot6498122288:AAEwLtSx9AeMnXMt5VeWlzpx3csNF-MUCd4/getUpdates "HTTP/1.1 200 OK"
2024-02-13 02:26:09 - httpx - INFO - HTTP Request: POST https://api.telegram.org/bot6498122288:AAEwLtSx9AeMnXMt5VeWlzpx3csNF-MUCd4/getUpdates "HTTP/1.1 200 OK"
2024-02-13 02:26:19 - httpx - INFO - HTTP Request: POST https://api.telegram.org/bot6498122288:AAEwLtSx9AeMnXMt5VeWlzpx3csNF-MUCd4/getUpdates "HTTP/1.1 200 OK"
2024-02-13 02:26:29 - httpx - INFO - HTTP Request: POST https://api.telegram.org/bot6498122288:AAEwLtSx9AeMnXMt5VeWlzpx3csNF-MUCd4/getUpdates "HTTP/1.1 200 OK"
2024-02-13 02:26:39 - httpx - INFO - HTTP Request: POST https://api.telegram.org/bot6498122288:AAEwLtSx9AeMnXMt5VeWlzpx3csNF-MUCd4/getUpdates "HTTP/1.1 200 OK"
2024-02-13 02:26:49 - httpx - INFO - HTTP Request: POST https://api.telegram.org/bot6498122288:AAEwLtSx9AeMnXMt5VeWlzpx3csNF-MUCd4/getUpdates "HTTP/1.1 200 OK"
2024-02-13 02:26:59 - httpx - INFO - HTTP Request: POST https://api.telegram.org/bot6498122288:AAEwLtSx9AeMnXMt5VeWlzpx3csNF-MUCd4/getUpdates "HTTP/1.1 200 OK"
2024-02-13 02:27:09 - httpx - INFO - HTTP Request: POST https://api.telegram.org/bot6498122288:AAEwLtSx9AeMnXMt5VeWlzpx3csNF-MUCd4/getUpdates "HTTP/1.1 200 OK"
2024-02-13 02:27:19 - httpx - INFO - HTTP Request: POST https://api.telegram.org/bot6498122288:AAEwLtSx9AeMnXMt5VeWlzpx3csNF-MUCd4/getUpdates "HTTP/1.1 200 OK"
2024-02-13 02:27:29 - httpx - INFO - HTTP Request: POST https://api.telegram.org/bot6498122288:AAEwLtSx9AeMnXMt5VeWlzpx3csNF-MUCd4/getUpdates "HTTP/1.1 200 OK"
2024-02-13 02:27:39 - httpx - INFO - HTTP Request: POST https://api.telegram.org/bot6498122288:AAEwLtSx9AeMnXMt5VeWlzpx3csNF-MUCd4/getUpdates "HTTP/1.1 200 OK"
2024-02-13 02:27:49 - httpx - INFO - HTTP Request: POST https://api.telegram.org/bot6498122288:AAEwLtSx9AeMnXMt5VeWlzpx3csNF-MUCd4/getUpdates "HTTP/1.1 200 OK"
2024-02-13 02:27:59 - httpx - INFO - HTTP Request: POST https://api.telegram.org/bot6498122288:AAEwLtSx9AeMnXMt5VeWlzpx3csNF-MUCd4/getUpdates "HTTP/1.1 200 OK"
2024-02-13 02:28:09 - httpx - INFO - HTTP Request: POST https://api.telegram.org/bot6498122288:AAEwLtSx9AeMnXMt5VeWlzpx3csNF-MUCd4/getUpdates "HTTP/1.1 200 OK"
2024-02-13 02:28:19 - httpx - INFO - HTTP Request: POST https://api.telegram.org/bot6498122288:AAEwLtSx9AeMnXMt5VeWlzpx3csNF-MUCd4/getUpdates "HTTP/1.1 200 OK"
2024-02-13 02:28:29 - httpx - INFO - HTTP Request: POST https://api.telegram.org/bot6498122288:AAEwLtSx9AeMnXMt5VeWlzpx3csNF-MUCd4/getUpdates "HTTP/1.1 200 OK"
2024-02-13 02:28:39 - httpx - INFO - HTTP Request: POST https://api.telegram.org/bot6498122288:AAEwLtSx9AeMnXMt5VeWlzpx3csNF-MUCd4/getUpdates "HTTP/1.1 200 OK"
2024-02-13 02:28:49 - httpx - INFO - HTTP Request: POST https://api.telegram.org/bot6498122288:AAEwLtSx9AeMnXMt5VeWlzpx3csNF-MUCd4/getUpdates "HTTP/1.1 200 OK"
2024-02-13 02:28:59 - httpx - INFO - HTTP Request: POST https://api.telegram.org/bot6498122288:AAEwLtSx9AeMnXMt5VeWlzpx3csNF-MUCd4/getUpdates "HTTP/1.1 200 OK"
2024-02-13 02:29:10 - httpx - INFO - HTTP Request: POST https://api.telegram.org/bot6498122288:AAEwLtSx9AeMnXMt5VeWlzpx3csNF-MUCd4/getUpdates "HTTP/1.1 200 OK"
2024-02-13 02:29:20 - httpx - INFO - HTTP Request: POST https://api.telegram.org/bot6498122288:AAEwLtSx9AeMnXMt5VeWlzpx3csNF-MUCd4/getUpdates "HTTP/1.1 200 OK"
2024-02-13 02:29:30 - httpx - INFO - HTTP Request: POST https://api.telegram.org/bot6498122288:AAEwLtSx9AeMnXMt5VeWlzpx3csNF-MUCd4/getUpdates "HTTP/1.1 200 OK"
2024-02-13 02:29:40 - httpx - INFO - HTTP Request: POST https://api.telegram.org/bot6498122288:AAEwLtSx9AeMnXMt5VeWlzpx3csNF-MUCd4/getUpdates "HTTP/1.1 200 OK"
2024-02-13 02:29:50 - httpx - INFO - HTTP Request: POST https://api.telegram.org/bot6498122288:AAEwLtSx9AeMnXMt5VeWlzpx3csNF-MUCd4/getUpdates "HTTP/1.1 200 OK"
2024-02-13 02:30:00 - httpx - INFO - HTTP Request: POST https://api.telegram.org/bot6498122288:AAEwLtSx9AeMnXMt5VeWlzpx3csNF-MUCd4/getUpdates "HTTP/1.1 200 OK"
2024-02-13 02:30:10 - httpx - INFO - HTTP Request: POST https://api.telegram.org/bot6498122288:AAEwLtSx9AeMnXMt5VeWlzpx3csNF-MUCd4/getUpdates "HTTP/1.1 200 OK"
2024-02-13 02:30:20 - httpx - INFO - HTTP Request: POST https://api.telegram.org/bot6498122288:AAEwLtSx9AeMnXMt5VeWlzpx3csNF-MUCd4/getUpdates "HTTP/1.1 200 OK"
2024-02-13 02:30:30 - httpx - INFO - HTTP Request: POST https://api.telegram.org/bot6498122288:AAEwLtSx9AeMnXMt5VeWlzpx3csNF-MUCd4/getUpdates "HTTP/1.1 200 OK"
2024-02-13 02:30:40 - httpx - INFO - HTTP Request: POST https://api.telegram.org/bot6498122288:AAEwLtSx9AeMnXMt5VeWlzpx3csNF-MUCd4/getUpdates "HTTP/1.1 200 OK"
2024-02-13 02:30:50 - httpx - INFO - HTTP Request: POST https://api.telegram.org/bot6498122288:AAEwLtSx9AeMnXMt5VeWlzpx3csNF-MUCd4/getUpdates "HTTP/1.1 200 OK"
2024-02-13 02:31:00 - httpx - INFO - HTTP Request: POST https://api.telegram.org/bot6498122288:AAEwLtSx9AeMnXMt5VeWlzpx3csNF-MUCd4/getUpdates "HTTP/1.1 200 OK"
2024-02-13 02:31:10 - httpx - INFO - HTTP Request: POST https://api.telegram.org/bot6498122288:AAEwLtSx9AeMnXMt5VeWlzpx3csNF-MUCd4/getUpdates "HTTP/1.1 200 OK"
2024-02-13 02:31:20 - httpx - INFO - HTTP Request: POST https://api.telegram.org/bot6498122288:AAEwLtSx9AeMnXMt5VeWlzpx3csNF-MUCd4/getUpdates "HTTP/1.1 200 OK"
2024-02-13 02:31:30 - httpx - INFO - HTTP Request: POST https://api.telegram.org/bot6498122288:AAEwLtSx9AeMnXMt5VeWlzpx3csNF-MUCd4/getUpdates "HTTP/1.1 200 OK"
2024-02-13 02:31:40 - httpx - INFO - HTTP Request: POST https://api.telegram.org/bot6498122288:AAEwLtSx9AeMnXMt5VeWlzpx3csNF-MUCd4/getUpdates "HTTP/1.1 200 OK"
2024-02-13 02:31:50 - httpx - INFO - HTTP Request: POST https://api.telegram.org/bot6498122288:AAEwLtSx9AeMnXMt5VeWlzpx3csNF-MUCd4/getUpdates "HTTP/1.1 200 OK"
2024-02-13 02:32:00 - httpx - INFO - HTTP Request: POST https://api.telegram.org/bot6498122288:AAEwLtSx9AeMnXMt5VeWlzpx3csNF-MUCd4/getUpdates "HTTP/1.1 200 OK"
2024-02-13 02:32:11 - httpx - INFO - HTTP Request: POST https://api.telegram.org/bot6498122288:AAEwLtSx9AeMnXMt5VeWlzpx3csNF-MUCd4/getUpdates "HTTP/1.1 200 OK"
2024-02-13 02:32:21 - httpx - INFO - HTTP Request: POST https://api.telegram.org/bot6498122288:AAEwLtSx9AeMnXMt5VeWlzpx3csNF-MUCd4/getUpdates "HTTP/1.1 200 OK"
2024-02-13 02:32:31 - httpx - INFO - HTTP Request: POST https://api.telegram.org/bot6498122288:AAEwLtSx9AeMnXMt5VeWlzpx3csNF-MUCd4/getUpdates "HTTP/1.1 200 OK"
2024-02-13 02:32:41 - httpx - INFO - HTTP Request: POST https://api.telegram.org/bot6498122288:AAEwLtSx9AeMnXMt5VeWlzpx3csNF-MUCd4/getUpdates "HTTP/1.1 200 OK"
2024-02-13 02:32:51 - httpx - INFO - HTTP Request: POST https://api.telegram.org/bot6498122288:AAEwLtSx9AeMnXMt5VeWlzpx3csNF-MUCd4/getUpdates "HTTP/1.1 200 OK"
2024-02-13 02:33:01 - httpx - INFO - HTTP Request: POST https://api.telegram.org/bot6498122288:AAEwLtSx9AeMnXMt5VeWlzpx3csNF-MUCd4/getUpdates "HTTP/1.1 200 OK"
2024-02-13 02:33:11 - httpx - INFO - HTTP Request: POST https://api.telegram.org/bot6498122288:AAEwLtSx9AeMnXMt5VeWlzpx3csNF-MUCd4/getUpdates "HTTP/1.1 200 OK"
2024-02-13 02:33:21 - httpx - INFO - HTTP Request: POST https://api.telegram.org/bot6498122288:AAEwLtSx9AeMnXMt5VeWlzpx3csNF-MUCd4/getUpdates "HTTP/1.1 200 OK"
2024-02-13 02:33:31 - httpx - INFO - HTTP Request: POST https://api.telegram.org/bot6498122288:AAEwLtSx9AeMnXMt5VeWlzpx3csNF-MUCd4/getUpdates "HTTP/1.1 200 OK"
2024-02-13 02:33:41 - httpx - INFO - HTTP Request: POST https://api.telegram.org/bot6498122288:AAEwLtSx9AeMnXMt5VeWlzpx3csNF-MUCd4/getUpdates "HTTP/1.1 200 OK"
2024-02-13 02:33:51 - httpx - INFO - HTTP Request: POST https://api.telegram.org/bot6498122288:AAEwLtSx9AeMnXMt5VeWlzpx3csNF-MUCd4/getUpdates "HTTP/1.1 200 OK"
2024-02-13 02:34:01 - httpx - INFO - HTTP Request: POST https://api.telegram.org/bot6498122288:AAEwLtSx9AeMnXMt5VeWlzpx3csNF-MUCd4/getUpdates "HTTP/1.1 200 OK"
2024-02-13 02:34:11 - httpx - INFO - HTTP Request: POST https://api.telegram.org/bot6498122288:AAEwLtSx9AeMnXMt5VeWlzpx3csNF-MUCd4/getUpdates "HTTP/1.1 200 OK"
2024-02-13 02:34:21 - httpx - INFO - HTTP Request: POST https://api.telegram.org/bot6498122288:AAEwLtSx9AeMnXMt5VeWlzpx3csNF-MUCd4/getUpdates "HTTP/1.1 200 OK"
2024-02-13 02:34:31 - httpx - INFO - HTTP Request: POST https://api.telegram.org/bot6498122288:AAEwLtSx9AeMnXMt5VeWlzpx3csNF-MUCd4/getUpdates "HTTP/1.1 200 OK"
2024-02-13 02:34:41 - httpx - INFO - HTTP Request: POST https://api.telegram.org/bot6498122288:AAEwLtSx9AeMnXMt5VeWlzpx3csNF-MUCd4/getUpdates "HTTP/1.1 200 OK"
2024-02-13 02:34:51 - httpx - INFO - HTTP Request: POST https://api.telegram.org/bot6498122288:AAEwLtSx9AeMnXMt5VeWlzpx3csNF-MUCd4/getUpdates "HTTP/1.1 200 OK"
2024-02-13 02:35:02 - httpx - INFO - HTTP Request: POST https://api.telegram.org/bot6498122288:AAEwLtSx9AeMnXMt5VeWlzpx3csNF-MUCd4/getUpdates "HTTP/1.1 200 OK"
2024-02-13 02:35:12 - httpx - INFO - HTTP Request: POST https://api.telegram.org/bot6498122288:AAEwLtSx9AeMnXMt5VeWlzpx3csNF-MUCd4/getUpdates "HTTP/1.1 200 OK"
2024-02-13 02:35:22 - httpx - INFO - HTTP Request: POST https://api.telegram.org/bot6498122288:AAEwLtSx9AeMnXMt5VeWlzpx3csNF-MUCd4/getUpdates "HTTP/1.1 200 OK"
2024-02-13 02:35:32 - httpx - INFO - HTTP Request: POST https://api.telegram.org/bot6498122288:AAEwLtSx9AeMnXMt5VeWlzpx3csNF-MUCd4/getUpdates "HTTP/1.1 200 OK"
2024-02-13 02:35:42 - httpx - INFO - HTTP Request: POST https://api.telegram.org/bot6498122288:AAEwLtSx9AeMnXMt5VeWlzpx3csNF-MUCd4/getUpdates "HTTP/1.1 200 OK"
2024-02-13 02:35:52 - httpx - INFO - HTTP Request: POST https://api.telegram.org/bot6498122288:AAEwLtSx9AeMnXMt5VeWlzpx3csNF-MUCd4/getUpdates "HTTP/1.1 200 OK"
2024-02-13 02:36:02 - httpx - INFO - HTTP Request: POST https://api.telegram.org/bot6498122288:AAEwLtSx9AeMnXMt5VeWlzpx3csNF-MUCd4/getUpdates "HTTP/1.1 200 OK"
2024-02-13 02:36:12 - httpx - INFO - HTTP Request: POST https://api.telegram.org/bot6498122288:AAEwLtSx9AeMnXMt5VeWlzpx3csNF-MUCd4/getUpdates "HTTP/1.1 200 OK"
2024-02-13 02:36:22 - httpx - INFO - HTTP Request: POST https://api.telegram.org/bot6498122288:AAEwLtSx9AeMnXMt5VeWlzpx3csNF-MUCd4/getUpdates "HTTP/1.1 200 OK"
2024-02-13 02:36:32 - httpx - INFO - HTTP Request: POST https://api.telegram.org/bot6498122288:AAEwLtSx9AeMnXMt5VeWlzpx3csNF-MUCd4/getUpdates "HTTP/1.1 200 OK"
2024-02-13 02:36:42 - httpx - INFO - HTTP Request: POST https://api.telegram.org/bot6498122288:AAEwLtSx9AeMnXMt5VeWlzpx3csNF-MUCd4/getUpdates "HTTP/1.1 200 OK"
2024-02-13 02:36:52 - httpx - INFO - HTTP Request: POST https://api.telegram.org/bot6498122288:AAEwLtSx9AeMnXMt5VeWlzpx3csNF-MUCd4/getUpdates "HTTP/1.1 200 OK"
2024-02-13 02:37:02 - httpx - INFO - HTTP Request: POST https://api.telegram.org/bot6498122288:AAEwLtSx9AeMnXMt5VeWlzpx3csNF-MUCd4/getUpdates "HTTP/1.1 200 OK"
2024-02-13 02:37:12 - httpx - INFO - HTTP Request: POST https://api.telegram.org/bot6498122288:AAEwLtSx9AeMnXMt5VeWlzpx3csNF-MUCd4/getUpdates "HTTP/1.1 200 OK"
2024-02-13 02:37:22 - httpx - INFO - HTTP Request: POST https://api.telegram.org/bot6498122288:AAEwLtSx9AeMnXMt5VeWlzpx3csNF-MUCd4/getUpdates "HTTP/1.1 200 OK"
2024-02-13 02:37:32 - httpx - INFO - HTTP Request: POST https://api.telegram.org/bot6498122288:AAEwLtSx9AeMnXMt5VeWlzpx3csNF-MUCd4/getUpdates "HTTP/1.1 200 OK"
2024-02-13 02:37:42 - httpx - INFO - HTTP Request: POST https://api.telegram.org/bot6498122288:AAEwLtSx9AeMnXMt5VeWlzpx3csNF-MUCd4/getUpdates "HTTP/1.1 200 OK"
2024-02-13 02:37:52 - httpx - INFO - HTTP Request: POST https://api.telegram.org/bot6498122288:AAEwLtSx9AeMnXMt5VeWlzpx3csNF-MUCd4/getUpdates "HTTP/1.1 200 OK"
2024-02-13 02:38:02 - httpx - INFO - HTTP Request: POST https://api.telegram.org/bot6498122288:AAEwLtSx9AeMnXMt5VeWlzpx3csNF-MUCd4/getUpdates "HTTP/1.1 200 OK"
2024-02-13 02:38:13 - httpx - INFO - HTTP Request: POST https://api.telegram.org/bot6498122288:AAEwLtSx9AeMnXMt5VeWlzpx3csNF-MUCd4/getUpdates "HTTP/1.1 200 OK"
2024-02-13 02:38:23 - httpx - INFO - HTTP Request: POST https://api.telegram.org/bot6498122288:AAEwLtSx9AeMnXMt5VeWlzpx3csNF-MUCd4/getUpdates "HTTP/1.1 200 OK"
2024-02-13 02:38:33 - httpx - INFO - HTTP Request: POST https://api.telegram.org/bot6498122288:AAEwLtSx9AeMnXMt5VeWlzpx3csNF-MUCd4/getUpdates "HTTP/1.1 200 OK"
2024-02-13 02:38:43 - httpx - INFO - HTTP Request: POST https://api.telegram.org/bot6498122288:AAEwLtSx9AeMnXMt5VeWlzpx3csNF-MUCd4/getUpdates "HTTP/1.1 200 OK"
2024-02-13 02:38:53 - httpx - INFO - HTTP Request: POST https://api.telegram.org/bot6498122288:AAEwLtSx9AeMnXMt5VeWlzpx3csNF-MUCd4/getUpdates "HTTP/1.1 200 OK"
2024-02-13 02:39:03 - httpx - INFO - HTTP Request: POST https://api.telegram.org/bot6498122288:AAEwLtSx9AeMnXMt5VeWlzpx3csNF-MUCd4/getUpdates "HTTP/1.1 200 OK"
2024-02-13 02:39:13 - httpx - INFO - HTTP Request: POST https://api.telegram.org/bot6498122288:AAEwLtSx9AeMnXMt5VeWlzpx3csNF-MUCd4/getUpdates "HTTP/1.1 200 OK"
2024-02-13 02:39:23 - httpx - INFO - HTTP Request: POST https://api.telegram.org/bot6498122288:AAEwLtSx9AeMnXMt5VeWlzpx3csNF-MUCd4/getUpdates "HTTP/1.1 200 OK"
2024-02-13 02:39:33 - httpx - INFO - HTTP Request: POST https://api.telegram.org/bot6498122288:AAEwLtSx9AeMnXMt5VeWlzpx3csNF-MUCd4/getUpdates "HTTP/1.1 200 OK"
2024-02-13 02:39:43 - httpx - INFO - HTTP Request: POST https://api.telegram.org/bot6498122288:AAEwLtSx9AeMnXMt5VeWlzpx3csNF-MUCd4/getUpdates "HTTP/1.1 200 OK"
2024-02-13 02:39:53 - httpx - INFO - HTTP Request: POST https://api.telegram.org/bot6498122288:AAEwLtSx9AeMnXMt5VeWlzpx3csNF-MUCd4/getUpdates "HTTP/1.1 200 OK"
2024-02-13 02:40:03 - httpx - INFO - HTTP Request: POST https://api.telegram.org/bot6498122288:AAEwLtSx9AeMnXMt5VeWlzpx3csNF-MUCd4/getUpdates "HTTP/1.1 200 OK"
2024-02-13 02:40:13 - httpx - INFO - HTTP Request: POST https://api.telegram.org/bot6498122288:AAEwLtSx9AeMnXMt5VeWlzpx3csNF-MUCd4/getUpdates "HTTP/1.1 200 OK"
2024-02-13 02:40:23 - httpx - INFO - HTTP Request: POST https://api.telegram.org/bot6498122288:AAEwLtSx9AeMnXMt5VeWlzpx3csNF-MUCd4/getUpdates "HTTP/1.1 200 OK"
2024-02-13 02:40:33 - httpx - INFO - HTTP Request: POST https://api.telegram.org/bot6498122288:AAEwLtSx9AeMnXMt5VeWlzpx3csNF-MUCd4/getUpdates "HTTP/1.1 200 OK"
2024-02-13 02:40:43 - httpx - INFO - HTTP Request: POST https://api.telegram.org/bot6498122288:AAEwLtSx9AeMnXMt5VeWlzpx3csNF-MUCd4/getUpdates "HTTP/1.1 200 OK"
2024-02-13 02:40:53 - httpx - INFO - HTTP Request: POST https://api.telegram.org/bot6498122288:AAEwLtSx9AeMnXMt5VeWlzpx3csNF-MUCd4/getUpdates "HTTP/1.1 200 OK"
2024-02-13 02:41:03 - httpx - INFO - HTTP Request: POST https://api.telegram.org/bot6498122288:AAEwLtSx9AeMnXMt5VeWlzpx3csNF-MUCd4/getUpdates "HTTP/1.1 200 OK"
2024-02-13 02:41:13 - httpx - INFO - HTTP Request: POST https://api.telegram.org/bot6498122288:AAEwLtSx9AeMnXMt5VeWlzpx3csNF-MUCd4/getUpdates "HTTP/1.1 200 OK"
2024-02-13 02:41:23 - httpx - INFO - HTTP Request: POST https://api.telegram.org/bot6498122288:AAEwLtSx9AeMnXMt5VeWlzpx3csNF-MUCd4/getUpdates "HTTP/1.1 200 OK"
2024-02-13 02:41:34 - httpx - INFO - HTTP Request: POST https://api.telegram.org/bot6498122288:AAEwLtSx9AeMnXMt5VeWlzpx3csNF-MUCd4/getUpdates "HTTP/1.1 200 OK"
2024-02-13 02:41:44 - httpx - INFO - HTTP Request: POST https://api.telegram.org/bot6498122288:AAEwLtSx9AeMnXMt5VeWlzpx3csNF-MUCd4/getUpdates "HTTP/1.1 200 OK"
2024-02-13 02:41:54 - httpx - INFO - HTTP Request: POST https://api.telegram.org/bot6498122288:AAEwLtSx9AeMnXMt5VeWlzpx3csNF-MUCd4/getUpdates "HTTP/1.1 200 OK"
2024-02-13 02:42:04 - httpx - INFO - HTTP Request: POST https://api.telegram.org/bot6498122288:AAEwLtSx9AeMnXMt5VeWlzpx3csNF-MUCd4/getUpdates "HTTP/1.1 200 OK"
2024-02-13 02:42:14 - httpx - INFO - HTTP Request: POST https://api.telegram.org/bot6498122288:AAEwLtSx9AeMnXMt5VeWlzpx3csNF-MUCd4/getUpdates "HTTP/1.1 200 OK"
2024-02-13 02:42:24 - httpx - INFO - HTTP Request: POST https://api.telegram.org/bot6498122288:AAEwLtSx9AeMnXMt5VeWlzpx3csNF-MUCd4/getUpdates "HTTP/1.1 200 OK"
2024-02-13 02:42:34 - httpx - INFO - HTTP Request: POST https://api.telegram.org/bot6498122288:AAEwLtSx9AeMnXMt5VeWlzpx3csNF-MUCd4/getUpdates "HTTP/1.1 200 OK"
2024-02-13 02:42:44 - httpx - INFO - HTTP Request: POST https://api.telegram.org/bot6498122288:AAEwLtSx9AeMnXMt5VeWlzpx3csNF-MUCd4/getUpdates "HTTP/1.1 200 OK"
2024-02-13 02:42:54 - httpx - INFO - HTTP Request: POST https://api.telegram.org/bot6498122288:AAEwLtSx9AeMnXMt5VeWlzpx3csNF-MUCd4/getUpdates "HTTP/1.1 200 OK"
2024-02-13 02:43:04 - httpx - INFO - HTTP Request: POST https://api.telegram.org/bot6498122288:AAEwLtSx9AeMnXMt5VeWlzpx3csNF-MUCd4/getUpdates "HTTP/1.1 200 OK"
2024-02-13 02:43:14 - httpx - INFO - HTTP Request: POST https://api.telegram.org/bot6498122288:AAEwLtSx9AeMnXMt5VeWlzpx3csNF-MUCd4/getUpdates "HTTP/1.1 200 OK"
2024-02-13 02:43:24 - httpx - INFO - HTTP Request: POST https://api.telegram.org/bot6498122288:AAEwLtSx9AeMnXMt5VeWlzpx3csNF-MUCd4/getUpdates "HTTP/1.1 200 OK"
2024-02-13 02:43:34 - httpx - INFO - HTTP Request: POST https://api.telegram.org/bot6498122288:AAEwLtSx9AeMnXMt5VeWlzpx3csNF-MUCd4/getUpdates "HTTP/1.1 200 OK"
2024-02-13 02:43:44 - httpx - INFO - HTTP Request: POST https://api.telegram.org/bot6498122288:AAEwLtSx9AeMnXMt5VeWlzpx3csNF-MUCd4/getUpdates "HTTP/1.1 200 OK"
2024-02-13 02:43:54 - httpx - INFO - HTTP Request: POST https://api.telegram.org/bot6498122288:AAEwLtSx9AeMnXMt5VeWlzpx3csNF-MUCd4/getUpdates "HTTP/1.1 200 OK"
2024-02-13 02:44:04 - httpx - INFO - HTTP Request: POST https://api.telegram.org/bot6498122288:AAEwLtSx9AeMnXMt5VeWlzpx3csNF-MUCd4/getUpdates "HTTP/1.1 200 OK"
2024-02-13 02:44:14 - httpx - INFO - HTTP Request: POST https://api.telegram.org/bot6498122288:AAEwLtSx9AeMnXMt5VeWlzpx3csNF-MUCd4/getUpdates "HTTP/1.1 200 OK"
2024-02-13 02:44:24 - httpx - INFO - HTTP Request: POST https://api.telegram.org/bot6498122288:AAEwLtSx9AeMnXMt5VeWlzpx3csNF-MUCd4/getUpdates "HTTP/1.1 200 OK"
2024-02-13 02:44:34 - httpx - INFO - HTTP Request: POST https://api.telegram.org/bot6498122288:AAEwLtSx9AeMnXMt5VeWlzpx3csNF-MUCd4/getUpdates "HTTP/1.1 200 OK"
2024-02-13 02:44:44 - httpx - INFO - HTTP Request: POST https://api.telegram.org/bot6498122288:AAEwLtSx9AeMnXMt5VeWlzpx3csNF-MUCd4/getUpdates "HTTP/1.1 200 OK"
2024-02-13 02:44:55 - httpx - INFO - HTTP Request: POST https://api.telegram.org/bot6498122288:AAEwLtSx9AeMnXMt5VeWlzpx3csNF-MUCd4/getUpdates "HTTP/1.1 200 OK"
2024-02-13 02:45:05 - httpx - INFO - HTTP Request: POST https://api.telegram.org/bot6498122288:AAEwLtSx9AeMnXMt5VeWlzpx3csNF-MUCd4/getUpdates "HTTP/1.1 200 OK"
2024-02-13 02:45:15 - httpx - INFO - HTTP Request: POST https://api.telegram.org/bot6498122288:AAEwLtSx9AeMnXMt5VeWlzpx3csNF-MUCd4/getUpdates "HTTP/1.1 200 OK"
2024-02-13 02:45:25 - httpx - INFO - HTTP Request: POST https://api.telegram.org/bot6498122288:AAEwLtSx9AeMnXMt5VeWlzpx3csNF-MUCd4/getUpdates "HTTP/1.1 200 OK"
2024-02-13 02:45:35 - httpx - INFO - HTTP Request: POST https://api.telegram.org/bot6498122288:AAEwLtSx9AeMnXMt5VeWlzpx3csNF-MUCd4/getUpdates "HTTP/1.1 200 OK"
2024-02-13 02:45:45 - httpx - INFO - HTTP Request: POST https://api.telegram.org/bot6498122288:AAEwLtSx9AeMnXMt5VeWlzpx3csNF-MUCd4/getUpdates "HTTP/1.1 200 OK"
2024-02-13 02:45:55 - httpx - INFO - HTTP Request: POST https://api.telegram.org/bot6498122288:AAEwLtSx9AeMnXMt5VeWlzpx3csNF-MUCd4/getUpdates "HTTP/1.1 200 OK"
2024-02-13 02:46:05 - httpx - INFO - HTTP Request: POST https://api.telegram.org/bot6498122288:AAEwLtSx9AeMnXMt5VeWlzpx3csNF-MUCd4/getUpdates "HTTP/1.1 200 OK"
2024-02-13 02:46:15 - httpx - INFO - HTTP Request: POST https://api.telegram.org/bot6498122288:AAEwLtSx9AeMnXMt5VeWlzpx3csNF-MUCd4/getUpdates "HTTP/1.1 200 OK"
2024-02-13 02:46:25 - httpx - INFO - HTTP Request: POST https://api.telegram.org/bot6498122288:AAEwLtSx9AeMnXMt5VeWlzpx3csNF-MUCd4/getUpdates "HTTP/1.1 200 OK"
2024-02-13 02:46:35 - httpx - INFO - HTTP Request: POST https://api.telegram.org/bot6498122288:AAEwLtSx9AeMnXMt5VeWlzpx3csNF-MUCd4/getUpdates "HTTP/1.1 200 OK"
2024-02-13 02:46:45 - httpx - INFO - HTTP Request: POST https://api.telegram.org/bot6498122288:AAEwLtSx9AeMnXMt5VeWlzpx3csNF-MUCd4/getUpdates "HTTP/1.1 200 OK"
2024-02-13 02:46:55 - httpx - INFO - HTTP Request: POST https://api.telegram.org/bot6498122288:AAEwLtSx9AeMnXMt5VeWlzpx3csNF-MUCd4/getUpdates "HTTP/1.1 200 OK"
2024-02-13 02:47:05 - httpx - INFO - HTTP Request: POST https://api.telegram.org/bot6498122288:AAEwLtSx9AeMnXMt5VeWlzpx3csNF-MUCd4/getUpdates "HTTP/1.1 200 OK"
2024-02-13 02:47:15 - httpx - INFO - HTTP Request: POST https://api.telegram.org/bot6498122288:AAEwLtSx9AeMnXMt5VeWlzpx3csNF-MUCd4/getUpdates "HTTP/1.1 200 OK"
2024-02-13 02:47:25 - httpx - INFO - HTTP Request: POST https://api.telegram.org/bot6498122288:AAEwLtSx9AeMnXMt5VeWlzpx3csNF-MUCd4/getUpdates "HTTP/1.1 200 OK"
2024-02-13 02:47:35 - httpx - INFO - HTTP Request: POST https://api.telegram.org/bot6498122288:AAEwLtSx9AeMnXMt5VeWlzpx3csNF-MUCd4/getUpdates "HTTP/1.1 200 OK"
2024-02-13 02:47:45 - httpx - INFO - HTTP Request: POST https://api.telegram.org/bot6498122288:AAEwLtSx9AeMnXMt5VeWlzpx3csNF-MUCd4/getUpdates "HTTP/1.1 200 OK"
2024-02-13 02:47:55 - httpx - INFO - HTTP Request: POST https://api.telegram.org/bot6498122288:AAEwLtSx9AeMnXMt5VeWlzpx3csNF-MUCd4/getUpdates "HTTP/1.1 200 OK"
2024-02-13 02:48:06 - httpx - INFO - HTTP Request: POST https://api.telegram.org/bot6498122288:AAEwLtSx9AeMnXMt5VeWlzpx3csNF-MUCd4/getUpdates "HTTP/1.1 200 OK"
2024-02-13 02:48:16 - httpx - INFO - HTTP Request: POST https://api.telegram.org/bot6498122288:AAEwLtSx9AeMnXMt5VeWlzpx3csNF-MUCd4/getUpdates "HTTP/1.1 200 OK"
2024-02-13 02:48:26 - httpx - INFO - HTTP Request: POST https://api.telegram.org/bot6498122288:AAEwLtSx9AeMnXMt5VeWlzpx3csNF-MUCd4/getUpdates "HTTP/1.1 200 OK"
2024-02-13 02:48:36 - httpx - INFO - HTTP Request: POST https://api.telegram.org/bot6498122288:AAEwLtSx9AeMnXMt5VeWlzpx3csNF-MUCd4/getUpdates "HTTP/1.1 200 OK"
2024-02-13 02:48:46 - httpx - INFO - HTTP Request: POST https://api.telegram.org/bot6498122288:AAEwLtSx9AeMnXMt5VeWlzpx3csNF-MUCd4/getUpdates "HTTP/1.1 200 OK"
2024-02-13 02:48:56 - httpx - INFO - HTTP Request: POST https://api.telegram.org/bot6498122288:AAEwLtSx9AeMnXMt5VeWlzpx3csNF-MUCd4/getUpdates "HTTP/1.1 200 OK"
2024-02-13 02:49:06 - httpx - INFO - HTTP Request: POST https://api.telegram.org/bot6498122288:AAEwLtSx9AeMnXMt5VeWlzpx3csNF-MUCd4/getUpdates "HTTP/1.1 200 OK"
2024-02-13 02:49:16 - httpx - INFO - HTTP Request: POST https://api.telegram.org/bot6498122288:AAEwLtSx9AeMnXMt5VeWlzpx3csNF-MUCd4/getUpdates "HTTP/1.1 200 OK"
2024-02-13 02:49:26 - httpx - INFO - HTTP Request: POST https://api.telegram.org/bot6498122288:AAEwLtSx9AeMnXMt5VeWlzpx3csNF-MUCd4/getUpdates "HTTP/1.1 200 OK"
2024-02-13 02:49:36 - httpx - INFO - HTTP Request: POST https://api.telegram.org/bot6498122288:AAEwLtSx9AeMnXMt5VeWlzpx3csNF-MUCd4/getUpdates "HTTP/1.1 200 OK"
2024-02-13 02:49:46 - httpx - INFO - HTTP Request: POST https://api.telegram.org/bot6498122288:AAEwLtSx9AeMnXMt5VeWlzpx3csNF-MUCd4/getUpdates "HTTP/1.1 200 OK"
2024-02-13 02:49:56 - httpx - INFO - HTTP Request: POST https://api.telegram.org/bot6498122288:AAEwLtSx9AeMnXMt5VeWlzpx3csNF-MUCd4/getUpdates "HTTP/1.1 200 OK"
2024-02-13 02:50:06 - httpx - INFO - HTTP Request: POST https://api.telegram.org/bot6498122288:AAEwLtSx9AeMnXMt5VeWlzpx3csNF-MUCd4/getUpdates "HTTP/1.1 200 OK"
2024-02-13 02:50:16 - httpx - INFO - HTTP Request: POST https://api.telegram.org/bot6498122288:AAEwLtSx9AeMnXMt5VeWlzpx3csNF-MUCd4/getUpdates "HTTP/1.1 200 OK"
2024-02-13 02:50:26 - httpx - INFO - HTTP Request: POST https://api.telegram.org/bot6498122288:AAEwLtSx9AeMnXMt5VeWlzpx3csNF-MUCd4/getUpdates "HTTP/1.1 200 OK"
2024-02-13 02:50:36 - httpx - INFO - HTTP Request: POST https://api.telegram.org/bot6498122288:AAEwLtSx9AeMnXMt5VeWlzpx3csNF-MUCd4/getUpdates "HTTP/1.1 200 OK"
2024-02-13 02:50:46 - httpx - INFO - HTTP Request: POST https://api.telegram.org/bot6498122288:AAEwLtSx9AeMnXMt5VeWlzpx3csNF-MUCd4/getUpdates "HTTP/1.1 200 OK"
2024-02-13 02:50:56 - httpx - INFO - HTTP Request: POST https://api.telegram.org/bot6498122288:AAEwLtSx9AeMnXMt5VeWlzpx3csNF-MUCd4/getUpdates "HTTP/1.1 200 OK"
2024-02-13 02:51:06 - httpx - INFO - HTTP Request: POST https://api.telegram.org/bot6498122288:AAEwLtSx9AeMnXMt5VeWlzpx3csNF-MUCd4/getUpdates "HTTP/1.1 200 OK"
2024-02-13 02:51:17 - httpx - INFO - HTTP Request: POST https://api.telegram.org/bot6498122288:AAEwLtSx9AeMnXMt5VeWlzpx3csNF-MUCd4/getUpdates "HTTP/1.1 200 OK"
2024-02-13 02:51:27 - httpx - INFO - HTTP Request: POST https://api.telegram.org/bot6498122288:AAEwLtSx9AeMnXMt5VeWlzpx3csNF-MUCd4/getUpdates "HTTP/1.1 200 OK"
2024-02-13 02:51:37 - httpx - INFO - HTTP Request: POST https://api.telegram.org/bot6498122288:AAEwLtSx9AeMnXMt5VeWlzpx3csNF-MUCd4/getUpdates "HTTP/1.1 200 OK"
2024-02-13 02:51:47 - httpx - INFO - HTTP Request: POST https://api.telegram.org/bot6498122288:AAEwLtSx9AeMnXMt5VeWlzpx3csNF-MUCd4/getUpdates "HTTP/1.1 200 OK"
2024-02-13 02:51:57 - httpx - INFO - HTTP Request: POST https://api.telegram.org/bot6498122288:AAEwLtSx9AeMnXMt5VeWlzpx3csNF-MUCd4/getUpdates "HTTP/1.1 200 OK"
2024-02-13 02:52:07 - httpx - INFO - HTTP Request: POST https://api.telegram.org/bot6498122288:AAEwLtSx9AeMnXMt5VeWlzpx3csNF-MUCd4/getUpdates "HTTP/1.1 200 OK"
2024-02-13 02:52:17 - httpx - INFO - HTTP Request: POST https://api.telegram.org/bot6498122288:AAEwLtSx9AeMnXMt5VeWlzpx3csNF-MUCd4/getUpdates "HTTP/1.1 200 OK"
2024-02-13 02:52:27 - httpx - INFO - HTTP Request: POST https://api.telegram.org/bot6498122288:AAEwLtSx9AeMnXMt5VeWlzpx3csNF-MUCd4/getUpdates "HTTP/1.1 200 OK"
2024-02-13 02:52:37 - httpx - INFO - HTTP Request: POST https://api.telegram.org/bot6498122288:AAEwLtSx9AeMnXMt5VeWlzpx3csNF-MUCd4/getUpdates "HTTP/1.1 200 OK"
2024-02-13 02:52:47 - httpx - INFO - HTTP Request: POST https://api.telegram.org/bot6498122288:AAEwLtSx9AeMnXMt5VeWlzpx3csNF-MUCd4/getUpdates "HTTP/1.1 200 OK"
2024-02-13 02:52:57 - httpx - INFO - HTTP Request: POST https://api.telegram.org/bot6498122288:AAEwLtSx9AeMnXMt5VeWlzpx3csNF-MUCd4/getUpdates "HTTP/1.1 200 OK"
2024-02-13 02:53:07 - httpx - INFO - HTTP Request: POST https://api.telegram.org/bot6498122288:AAEwLtSx9AeMnXMt5VeWlzpx3csNF-MUCd4/getUpdates "HTTP/1.1 200 OK"
2024-02-13 02:53:17 - httpx - INFO - HTTP Request: POST https://api.telegram.org/bot6498122288:AAEwLtSx9AeMnXMt5VeWlzpx3csNF-MUCd4/getUpdates "HTTP/1.1 200 OK"
2024-02-13 02:53:27 - httpx - INFO - HTTP Request: POST https://api.telegram.org/bot6498122288:AAEwLtSx9AeMnXMt5VeWlzpx3csNF-MUCd4/getUpdates "HTTP/1.1 200 OK"
2024-02-13 02:53:37 - httpx - INFO - HTTP Request: POST https://api.telegram.org/bot6498122288:AAEwLtSx9AeMnXMt5VeWlzpx3csNF-MUCd4/getUpdates "HTTP/1.1 200 OK"
2024-02-13 02:53:47 - httpx - INFO - HTTP Request: POST https://api.telegram.org/bot6498122288:AAEwLtSx9AeMnXMt5VeWlzpx3csNF-MUCd4/getUpdates "HTTP/1.1 200 OK"
2024-02-13 02:53:57 - httpx - INFO - HTTP Request: POST https://api.telegram.org/bot6498122288:AAEwLtSx9AeMnXMt5VeWlzpx3csNF-MUCd4/getUpdates "HTTP/1.1 200 OK"
2024-02-13 02:54:08 - httpx - INFO - HTTP Request: POST https://api.telegram.org/bot6498122288:AAEwLtSx9AeMnXMt5VeWlzpx3csNF-MUCd4/getUpdates "HTTP/1.1 200 OK"
2024-02-13 02:54:18 - httpx - INFO - HTTP Request: POST https://api.telegram.org/bot6498122288:AAEwLtSx9AeMnXMt5VeWlzpx3csNF-MUCd4/getUpdates "HTTP/1.1 200 OK"
2024-02-13 02:54:28 - httpx - INFO - HTTP Request: POST https://api.telegram.org/bot6498122288:AAEwLtSx9AeMnXMt5VeWlzpx3csNF-MUCd4/getUpdates "HTTP/1.1 200 OK"
2024-02-13 02:54:38 - httpx - INFO - HTTP Request: POST https://api.telegram.org/bot6498122288:AAEwLtSx9AeMnXMt5VeWlzpx3csNF-MUCd4/getUpdates "HTTP/1.1 200 OK"
2024-02-13 02:54:48 - httpx - INFO - HTTP Request: POST https://api.telegram.org/bot6498122288:AAEwLtSx9AeMnXMt5VeWlzpx3csNF-MUCd4/getUpdates "HTTP/1.1 200 OK"
2024-02-13 02:54:58 - httpx - INFO - HTTP Request: POST https://api.telegram.org/bot6498122288:AAEwLtSx9AeMnXMt5VeWlzpx3csNF-MUCd4/getUpdates "HTTP/1.1 200 OK"
2024-02-13 02:55:08 - httpx - INFO - HTTP Request: POST https://api.telegram.org/bot6498122288:AAEwLtSx9AeMnXMt5VeWlzpx3csNF-MUCd4/getUpdates "HTTP/1.1 200 OK"
2024-02-13 02:55:18 - httpx - INFO - HTTP Request: POST https://api.telegram.org/bot6498122288:AAEwLtSx9AeMnXMt5VeWlzpx3csNF-MUCd4/getUpdates "HTTP/1.1 200 OK"
2024-02-13 02:55:28 - httpx - INFO - HTTP Request: POST https://api.telegram.org/bot6498122288:AAEwLtSx9AeMnXMt5VeWlzpx3csNF-MUCd4/getUpdates "HTTP/1.1 200 OK"
2024-02-13 02:55:38 - httpx - INFO - HTTP Request: POST https://api.telegram.org/bot6498122288:AAEwLtSx9AeMnXMt5VeWlzpx3csNF-MUCd4/getUpdates "HTTP/1.1 200 OK"
2024-02-13 02:55:48 - httpx - INFO - HTTP Request: POST https://api.telegram.org/bot6498122288:AAEwLtSx9AeMnXMt5VeWlzpx3csNF-MUCd4/getUpdates "HTTP/1.1 200 OK"
2024-02-13 02:55:58 - httpx - INFO - HTTP Request: POST https://api.telegram.org/bot6498122288:AAEwLtSx9AeMnXMt5VeWlzpx3csNF-MUCd4/getUpdates "HTTP/1.1 200 OK"
2024-02-13 02:56:08 - httpx - INFO - HTTP Request: POST https://api.telegram.org/bot6498122288:AAEwLtSx9AeMnXMt5VeWlzpx3csNF-MUCd4/getUpdates "HTTP/1.1 200 OK"
2024-02-13 02:56:18 - httpx - INFO - HTTP Request: POST https://api.telegram.org/bot6498122288:AAEwLtSx9AeMnXMt5VeWlzpx3csNF-MUCd4/getUpdates "HTTP/1.1 200 OK"
2024-02-13 02:56:28 - httpx - INFO - HTTP Request: POST https://api.telegram.org/bot6498122288:AAEwLtSx9AeMnXMt5VeWlzpx3csNF-MUCd4/getUpdates "HTTP/1.1 200 OK"
2024-02-13 02:56:38 - httpx - INFO - HTTP Request: POST https://api.telegram.org/bot6498122288:AAEwLtSx9AeMnXMt5VeWlzpx3csNF-MUCd4/getUpdates "HTTP/1.1 200 OK"
2024-02-13 02:56:48 - httpx - INFO - HTTP Request: POST https://api.telegram.org/bot6498122288:AAEwLtSx9AeMnXMt5VeWlzpx3csNF-MUCd4/getUpdates "HTTP/1.1 200 OK"
2024-02-13 02:56:58 - httpx - INFO - HTTP Request: POST https://api.telegram.org/bot6498122288:AAEwLtSx9AeMnXMt5VeWlzpx3csNF-MUCd4/getUpdates "HTTP/1.1 200 OK"
2024-02-13 02:57:09 - httpx - INFO - HTTP Request: POST https://api.telegram.org/bot6498122288:AAEwLtSx9AeMnXMt5VeWlzpx3csNF-MUCd4/getUpdates "HTTP/1.1 200 OK"
2024-02-13 02:57:19 - httpx - INFO - HTTP Request: POST https://api.telegram.org/bot6498122288:AAEwLtSx9AeMnXMt5VeWlzpx3csNF-MUCd4/getUpdates "HTTP/1.1 200 OK"
2024-02-13 02:57:29 - httpx - INFO - HTTP Request: POST https://api.telegram.org/bot6498122288:AAEwLtSx9AeMnXMt5VeWlzpx3csNF-MUCd4/getUpdates "HTTP/1.1 200 OK"
2024-02-13 02:57:39 - httpx - INFO - HTTP Request: POST https://api.telegram.org/bot6498122288:AAEwLtSx9AeMnXMt5VeWlzpx3csNF-MUCd4/getUpdates "HTTP/1.1 200 OK"
2024-02-13 02:57:49 - httpx - INFO - HTTP Request: POST https://api.telegram.org/bot6498122288:AAEwLtSx9AeMnXMt5VeWlzpx3csNF-MUCd4/getUpdates "HTTP/1.1 200 OK"
2024-02-13 02:57:59 - httpx - INFO - HTTP Request: POST https://api.telegram.org/bot6498122288:AAEwLtSx9AeMnXMt5VeWlzpx3csNF-MUCd4/getUpdates "HTTP/1.1 200 OK"
2024-02-13 02:58:09 - httpx - INFO - HTTP Request: POST https://api.telegram.org/bot6498122288:AAEwLtSx9AeMnXMt5VeWlzpx3csNF-MUCd4/getUpdates "HTTP/1.1 200 OK"
2024-02-13 02:58:19 - httpx - INFO - HTTP Request: POST https://api.telegram.org/bot6498122288:AAEwLtSx9AeMnXMt5VeWlzpx3csNF-MUCd4/getUpdates "HTTP/1.1 200 OK"
2024-02-13 02:58:29 - httpx - INFO - HTTP Request: POST https://api.telegram.org/bot6498122288:AAEwLtSx9AeMnXMt5VeWlzpx3csNF-MUCd4/getUpdates "HTTP/1.1 200 OK"
2024-02-13 02:58:39 - httpx - INFO - HTTP Request: POST https://api.telegram.org/bot6498122288:AAEwLtSx9AeMnXMt5VeWlzpx3csNF-MUCd4/getUpdates "HTTP/1.1 200 OK"
2024-02-13 02:58:49 - httpx - INFO - HTTP Request: POST https://api.telegram.org/bot6498122288:AAEwLtSx9AeMnXMt5VeWlzpx3csNF-MUCd4/getUpdates "HTTP/1.1 200 OK"
2024-02-13 02:58:59 - httpx - INFO - HTTP Request: POST https://api.telegram.org/bot6498122288:AAEwLtSx9AeMnXMt5VeWlzpx3csNF-MUCd4/getUpdates "HTTP/1.1 200 OK"
2024-02-13 02:59:09 - httpx - INFO - HTTP Request: POST https://api.telegram.org/bot6498122288:AAEwLtSx9AeMnXMt5VeWlzpx3csNF-MUCd4/getUpdates "HTTP/1.1 200 OK"
2024-02-13 02:59:09 - telegram.ext.Updater - ERROR - Error while getting Updates: httpx.ReadError: 
2024-02-13 02:59:09 - telegram.ext.Application - ERROR - No error handlers are registered, logging exception.
Traceback (most recent call last):
  File "C:\Users\IvanA\PycharmProjects\TelegramBot\venv\Lib\site-packages\httpcore\_exceptions.py", line 10, in map_exceptions
    yield
  File "C:\Users\IvanA\PycharmProjects\TelegramBot\venv\Lib\site-packages\httpcore\_backends\anyio.py", line 34, in read
    return await self._stream.receive(max_bytes=max_bytes)
           ^^^^^^^^^^^^^^^^^^^^^^^^^^^^^^^^^^^^^^^^^^^^^^^
  File "C:\Users\IvanA\PycharmProjects\TelegramBot\venv\Lib\site-packages\anyio\streams\tls.py", line 205, in receive
    data = await self._call_sslobject_method(self._ssl_object.read, max_bytes)
           ^^^^^^^^^^^^^^^^^^^^^^^^^^^^^^^^^^^^^^^^^^^^^^^^^^^^^^^^^^^^^^^^^^^
  File "C:\Users\IvanA\PycharmProjects\TelegramBot\venv\Lib\site-packages\anyio\streams\tls.py", line 147, in _call_sslobject_method
    data = await self.transport_stream.receive()
           ^^^^^^^^^^^^^^^^^^^^^^^^^^^^^^^^^^^^^
  File "C:\Users\IvanA\PycharmProjects\TelegramBot\venv\Lib\site-packages\anyio\_backends\_asyncio.py", line 1132, in receive
    raise self._protocol.exception from None
anyio.BrokenResourceError

The above exception was the direct cause of the following exception:

Traceback (most recent call last):
  File "C:\Users\IvanA\PycharmProjects\TelegramBot\venv\Lib\site-packages\httpx\_transports\default.py", line 67, in map_httpcore_exceptions
    yield
  File "C:\Users\IvanA\PycharmProjects\TelegramBot\venv\Lib\site-packages\httpx\_transports\default.py", line 371, in handle_async_request
    resp = await self._pool.handle_async_request(req)
           ^^^^^^^^^^^^^^^^^^^^^^^^^^^^^^^^^^^^^^^^^^
  File "C:\Users\IvanA\PycharmProjects\TelegramBot\venv\Lib\site-packages\httpcore\_async\connection_pool.py", line 268, in handle_async_request
    raise exc
  File "C:\Users\IvanA\PycharmProjects\TelegramBot\venv\Lib\site-packages\httpcore\_async\connection_pool.py", line 251, in handle_async_request
    response = await connection.handle_async_request(request)
               ^^^^^^^^^^^^^^^^^^^^^^^^^^^^^^^^^^^^^^^^^^^^^^
  File "C:\Users\IvanA\PycharmProjects\TelegramBot\venv\Lib\site-packages\httpcore\_async\connection.py", line 103, in handle_async_request
    return await self._connection.handle_async_request(request)
           ^^^^^^^^^^^^^^^^^^^^^^^^^^^^^^^^^^^^^^^^^^^^^^^^^^^^
  File "C:\Users\IvanA\PycharmProjects\TelegramBot\venv\Lib\site-packages\httpcore\_async\http11.py", line 133, in handle_async_request
    raise exc
  File "C:\Users\IvanA\PycharmProjects\TelegramBot\venv\Lib\site-packages\httpcore\_async\http11.py", line 111, in handle_async_request
    ) = await self._receive_response_headers(**kwargs)
        ^^^^^^^^^^^^^^^^^^^^^^^^^^^^^^^^^^^^^^^^^^^^^^
  File "C:\Users\IvanA\PycharmProjects\TelegramBot\venv\Lib\site-packages\httpcore\_async\http11.py", line 176, in _receive_response_headers
    event = await self._receive_event(timeout=timeout)
            ^^^^^^^^^^^^^^^^^^^^^^^^^^^^^^^^^^^^^^^^^^
  File "C:\Users\IvanA\PycharmProjects\TelegramBot\venv\Lib\site-packages\httpcore\_async\http11.py", line 212, in _receive_event
    data = await self._network_stream.read(
           ^^^^^^^^^^^^^^^^^^^^^^^^^^^^^^^^
  File "C:\Users\IvanA\PycharmProjects\TelegramBot\venv\Lib\site-packages\httpcore\_backends\anyio.py", line 31, in read
    with map_exceptions(exc_map):
  File "C:\Users\IvanA\AppData\Local\Programs\Python\Python312\Lib\contextlib.py", line 158, in __exit__
    self.gen.throw(value)
  File "C:\Users\IvanA\PycharmProjects\TelegramBot\venv\Lib\site-packages\httpcore\_exceptions.py", line 14, in map_exceptions
    raise to_exc(exc) from exc
httpcore.ReadError

The above exception was the direct cause of the following exception:

Traceback (most recent call last):
  File "C:\Users\IvanA\PycharmProjects\TelegramBot\venv\Lib\site-packages\telegram\request\_httpxrequest.py", line 268, in do_request
    res = await self._client.request(
          ^^^^^^^^^^^^^^^^^^^^^^^^^^^
  File "C:\Users\IvanA\PycharmProjects\TelegramBot\venv\Lib\site-packages\httpx\_client.py", line 1559, in request
    return await self.send(request, auth=auth, follow_redirects=follow_redirects)
           ^^^^^^^^^^^^^^^^^^^^^^^^^^^^^^^^^^^^^^^^^^^^^^^^^^^^^^^^^^^^^^^^^^^^^^
  File "C:\Users\IvanA\PycharmProjects\TelegramBot\venv\Lib\site-packages\httpx\_client.py", line 1646, in send
    response = await self._send_handling_auth(
               ^^^^^^^^^^^^^^^^^^^^^^^^^^^^^^^
  File "C:\Users\IvanA\PycharmProjects\TelegramBot\venv\Lib\site-packages\httpx\_client.py", line 1674, in _send_handling_auth
    response = await self._send_handling_redirects(
               ^^^^^^^^^^^^^^^^^^^^^^^^^^^^^^^^^^^^
  File "C:\Users\IvanA\PycharmProjects\TelegramBot\venv\Lib\site-packages\httpx\_client.py", line 1711, in _send_handling_redirects
    response = await self._send_single_request(request)
               ^^^^^^^^^^^^^^^^^^^^^^^^^^^^^^^^^^^^^^^^
  File "C:\Users\IvanA\PycharmProjects\TelegramBot\venv\Lib\site-packages\httpx\_client.py", line 1748, in _send_single_request
    response = await transport.handle_async_request(request)
               ^^^^^^^^^^^^^^^^^^^^^^^^^^^^^^^^^^^^^^^^^^^^^
  File "C:\Users\IvanA\PycharmProjects\TelegramBot\venv\Lib\site-packages\httpx\_transports\default.py", line 370, in handle_async_request
    with map_httpcore_exceptions():
  File "C:\Users\IvanA\AppData\Local\Programs\Python\Python312\Lib\contextlib.py", line 158, in __exit__
    self.gen.throw(value)
  File "C:\Users\IvanA\PycharmProjects\TelegramBot\venv\Lib\site-packages\httpx\_transports\default.py", line 84, in map_httpcore_exceptions
    raise mapped_exc(message) from exc
httpx.ReadError

The above exception was the direct cause of the following exception:

Traceback (most recent call last):
  File "C:\Users\IvanA\PycharmProjects\TelegramBot\venv\Lib\site-packages\telegram\ext\_updater.py", line 715, in _network_loop_retry
    if not await action_cb():
           ^^^^^^^^^^^^^^^^^
  File "C:\Users\IvanA\PycharmProjects\TelegramBot\venv\Lib\site-packages\telegram\ext\_updater.py", line 384, in polling_action_cb
    raise exc
  File "C:\Users\IvanA\PycharmProjects\TelegramBot\venv\Lib\site-packages\telegram\ext\_updater.py", line 373, in polling_action_cb
    updates = await self.bot.get_updates(
              ^^^^^^^^^^^^^^^^^^^^^^^^^^^
  File "C:\Users\IvanA\PycharmProjects\TelegramBot\venv\Lib\site-packages\telegram\ext\_extbot.py", line 618, in get_updates
    updates = await super().get_updates(
              ^^^^^^^^^^^^^^^^^^^^^^^^^^
  File "C:\Users\IvanA\PycharmProjects\TelegramBot\venv\Lib\site-packages\telegram\_bot.py", line 542, in decorator
    result = await func(self, *args, **kwargs)
             ^^^^^^^^^^^^^^^^^^^^^^^^^^^^^^^^^
  File "C:\Users\IvanA\PycharmProjects\TelegramBot\venv\Lib\site-packages\telegram\_bot.py", line 4164, in get_updates
    await self._post(
  File "C:\Users\IvanA\PycharmProjects\TelegramBot\venv\Lib\site-packages\telegram\_bot.py", line 630, in _post
    return await self._do_post(
           ^^^^^^^^^^^^^^^^^^^^
  File "C:\Users\IvanA\PycharmProjects\TelegramBot\venv\Lib\site-packages\telegram\ext\_extbot.py", line 347, in _do_post
    return await super()._do_post(
           ^^^^^^^^^^^^^^^^^^^^^^^
  File "C:\Users\IvanA\PycharmProjects\TelegramBot\venv\Lib\site-packages\telegram\_bot.py", line 658, in _do_post
    return await request.post(
           ^^^^^^^^^^^^^^^^^^^
  File "C:\Users\IvanA\PycharmProjects\TelegramBot\venv\Lib\site-packages\telegram\request\_baserequest.py", line 200, in post
    result = await self._request_wrapper(
             ^^^^^^^^^^^^^^^^^^^^^^^^^^^^
  File "C:\Users\IvanA\PycharmProjects\TelegramBot\venv\Lib\site-packages\telegram\request\_baserequest.py", line 340, in _request_wrapper
    raise exc
  File "C:\Users\IvanA\PycharmProjects\TelegramBot\venv\Lib\site-packages\telegram\request\_baserequest.py", line 330, in _request_wrapper
    code, payload = await self.do_request(
                    ^^^^^^^^^^^^^^^^^^^^^^
  File "C:\Users\IvanA\PycharmProjects\TelegramBot\venv\Lib\site-packages\telegram\request\_httpxrequest.py", line 292, in do_request
    raise NetworkError(f"httpx.{err.__class__.__name__}: {err}") from err
telegram.error.NetworkError: httpx.ReadError: 
2024-02-13 02:59:20 - httpx - INFO - HTTP Request: POST https://api.telegram.org/bot6498122288:AAEwLtSx9AeMnXMt5VeWlzpx3csNF-MUCd4/getUpdates "HTTP/1.1 200 OK"
2024-02-13 02:59:30 - httpx - INFO - HTTP Request: POST https://api.telegram.org/bot6498122288:AAEwLtSx9AeMnXMt5VeWlzpx3csNF-MUCd4/getUpdates "HTTP/1.1 200 OK"
2024-02-13 02:59:41 - httpx - INFO - HTTP Request: POST https://api.telegram.org/bot6498122288:AAEwLtSx9AeMnXMt5VeWlzpx3csNF-MUCd4/getUpdates "HTTP/1.1 200 OK"
2024-02-13 02:59:51 - httpx - INFO - HTTP Request: POST https://api.telegram.org/bot6498122288:AAEwLtSx9AeMnXMt5VeWlzpx3csNF-MUCd4/getUpdates "HTTP/1.1 200 OK"
2024-02-13 03:00:01 - httpx - INFO - HTTP Request: POST https://api.telegram.org/bot6498122288:AAEwLtSx9AeMnXMt5VeWlzpx3csNF-MUCd4/getUpdates "HTTP/1.1 200 OK"
2024-02-13 03:00:11 - httpx - INFO - HTTP Request: POST https://api.telegram.org/bot6498122288:AAEwLtSx9AeMnXMt5VeWlzpx3csNF-MUCd4/getUpdates "HTTP/1.1 200 OK"
2024-02-13 03:00:21 - httpx - INFO - HTTP Request: POST https://api.telegram.org/bot6498122288:AAEwLtSx9AeMnXMt5VeWlzpx3csNF-MUCd4/getUpdates "HTTP/1.1 200 OK"
2024-02-13 03:00:31 - httpx - INFO - HTTP Request: POST https://api.telegram.org/bot6498122288:AAEwLtSx9AeMnXMt5VeWlzpx3csNF-MUCd4/getUpdates "HTTP/1.1 200 OK"
2024-02-13 03:00:41 - httpx - INFO - HTTP Request: POST https://api.telegram.org/bot6498122288:AAEwLtSx9AeMnXMt5VeWlzpx3csNF-MUCd4/getUpdates "HTTP/1.1 200 OK"
2024-02-13 03:00:51 - httpx - INFO - HTTP Request: POST https://api.telegram.org/bot6498122288:AAEwLtSx9AeMnXMt5VeWlzpx3csNF-MUCd4/getUpdates "HTTP/1.1 200 OK"
2024-02-13 03:01:01 - httpx - INFO - HTTP Request: POST https://api.telegram.org/bot6498122288:AAEwLtSx9AeMnXMt5VeWlzpx3csNF-MUCd4/getUpdates "HTTP/1.1 200 OK"
2024-02-13 03:01:11 - httpx - INFO - HTTP Request: POST https://api.telegram.org/bot6498122288:AAEwLtSx9AeMnXMt5VeWlzpx3csNF-MUCd4/getUpdates "HTTP/1.1 200 OK"
2024-02-13 03:01:21 - httpx - INFO - HTTP Request: POST https://api.telegram.org/bot6498122288:AAEwLtSx9AeMnXMt5VeWlzpx3csNF-MUCd4/getUpdates "HTTP/1.1 200 OK"
2024-02-13 03:01:31 - httpx - INFO - HTTP Request: POST https://api.telegram.org/bot6498122288:AAEwLtSx9AeMnXMt5VeWlzpx3csNF-MUCd4/getUpdates "HTTP/1.1 200 OK"
2024-02-13 03:01:41 - httpx - INFO - HTTP Request: POST https://api.telegram.org/bot6498122288:AAEwLtSx9AeMnXMt5VeWlzpx3csNF-MUCd4/getUpdates "HTTP/1.1 200 OK"
2024-02-13 03:01:51 - httpx - INFO - HTTP Request: POST https://api.telegram.org/bot6498122288:AAEwLtSx9AeMnXMt5VeWlzpx3csNF-MUCd4/getUpdates "HTTP/1.1 200 OK"
2024-02-13 03:02:01 - httpx - INFO - HTTP Request: POST https://api.telegram.org/bot6498122288:AAEwLtSx9AeMnXMt5VeWlzpx3csNF-MUCd4/getUpdates "HTTP/1.1 200 OK"
2024-02-13 03:02:11 - httpx - INFO - HTTP Request: POST https://api.telegram.org/bot6498122288:AAEwLtSx9AeMnXMt5VeWlzpx3csNF-MUCd4/getUpdates "HTTP/1.1 200 OK"
2024-02-13 03:02:21 - httpx - INFO - HTTP Request: POST https://api.telegram.org/bot6498122288:AAEwLtSx9AeMnXMt5VeWlzpx3csNF-MUCd4/getUpdates "HTTP/1.1 200 OK"
2024-02-13 03:02:32 - httpx - INFO - HTTP Request: POST https://api.telegram.org/bot6498122288:AAEwLtSx9AeMnXMt5VeWlzpx3csNF-MUCd4/getUpdates "HTTP/1.1 200 OK"
2024-02-13 03:02:42 - httpx - INFO - HTTP Request: POST https://api.telegram.org/bot6498122288:AAEwLtSx9AeMnXMt5VeWlzpx3csNF-MUCd4/getUpdates "HTTP/1.1 200 OK"
2024-02-13 03:02:52 - httpx - INFO - HTTP Request: POST https://api.telegram.org/bot6498122288:AAEwLtSx9AeMnXMt5VeWlzpx3csNF-MUCd4/getUpdates "HTTP/1.1 200 OK"
2024-02-13 03:03:02 - httpx - INFO - HTTP Request: POST https://api.telegram.org/bot6498122288:AAEwLtSx9AeMnXMt5VeWlzpx3csNF-MUCd4/getUpdates "HTTP/1.1 200 OK"
2024-02-13 03:03:12 - httpx - INFO - HTTP Request: POST https://api.telegram.org/bot6498122288:AAEwLtSx9AeMnXMt5VeWlzpx3csNF-MUCd4/getUpdates "HTTP/1.1 200 OK"
2024-02-13 03:03:22 - httpx - INFO - HTTP Request: POST https://api.telegram.org/bot6498122288:AAEwLtSx9AeMnXMt5VeWlzpx3csNF-MUCd4/getUpdates "HTTP/1.1 200 OK"
2024-02-13 03:03:32 - httpx - INFO - HTTP Request: POST https://api.telegram.org/bot6498122288:AAEwLtSx9AeMnXMt5VeWlzpx3csNF-MUCd4/getUpdates "HTTP/1.1 200 OK"
2024-02-13 03:03:42 - httpx - INFO - HTTP Request: POST https://api.telegram.org/bot6498122288:AAEwLtSx9AeMnXMt5VeWlzpx3csNF-MUCd4/getUpdates "HTTP/1.1 200 OK"
2024-02-13 03:03:52 - httpx - INFO - HTTP Request: POST https://api.telegram.org/bot6498122288:AAEwLtSx9AeMnXMt5VeWlzpx3csNF-MUCd4/getUpdates "HTTP/1.1 200 OK"
2024-02-13 03:04:02 - httpx - INFO - HTTP Request: POST https://api.telegram.org/bot6498122288:AAEwLtSx9AeMnXMt5VeWlzpx3csNF-MUCd4/getUpdates "HTTP/1.1 200 OK"
2024-02-13 03:04:12 - httpx - INFO - HTTP Request: POST https://api.telegram.org/bot6498122288:AAEwLtSx9AeMnXMt5VeWlzpx3csNF-MUCd4/getUpdates "HTTP/1.1 200 OK"
2024-02-13 03:04:22 - httpx - INFO - HTTP Request: POST https://api.telegram.org/bot6498122288:AAEwLtSx9AeMnXMt5VeWlzpx3csNF-MUCd4/getUpdates "HTTP/1.1 200 OK"
2024-02-13 03:04:32 - httpx - INFO - HTTP Request: POST https://api.telegram.org/bot6498122288:AAEwLtSx9AeMnXMt5VeWlzpx3csNF-MUCd4/getUpdates "HTTP/1.1 200 OK"
2024-02-13 03:04:42 - httpx - INFO - HTTP Request: POST https://api.telegram.org/bot6498122288:AAEwLtSx9AeMnXMt5VeWlzpx3csNF-MUCd4/getUpdates "HTTP/1.1 200 OK"
2024-02-13 03:04:52 - httpx - INFO - HTTP Request: POST https://api.telegram.org/bot6498122288:AAEwLtSx9AeMnXMt5VeWlzpx3csNF-MUCd4/getUpdates "HTTP/1.1 200 OK"
2024-02-13 03:05:02 - httpx - INFO - HTTP Request: POST https://api.telegram.org/bot6498122288:AAEwLtSx9AeMnXMt5VeWlzpx3csNF-MUCd4/getUpdates "HTTP/1.1 200 OK"
2024-02-13 03:05:12 - httpx - INFO - HTTP Request: POST https://api.telegram.org/bot6498122288:AAEwLtSx9AeMnXMt5VeWlzpx3csNF-MUCd4/getUpdates "HTTP/1.1 200 OK"
2024-02-13 03:05:22 - httpx - INFO - HTTP Request: POST https://api.telegram.org/bot6498122288:AAEwLtSx9AeMnXMt5VeWlzpx3csNF-MUCd4/getUpdates "HTTP/1.1 200 OK"
2024-02-13 03:05:33 - httpx - INFO - HTTP Request: POST https://api.telegram.org/bot6498122288:AAEwLtSx9AeMnXMt5VeWlzpx3csNF-MUCd4/getUpdates "HTTP/1.1 200 OK"
2024-02-13 03:05:43 - httpx - INFO - HTTP Request: POST https://api.telegram.org/bot6498122288:AAEwLtSx9AeMnXMt5VeWlzpx3csNF-MUCd4/getUpdates "HTTP/1.1 200 OK"
2024-02-13 03:05:53 - httpx - INFO - HTTP Request: POST https://api.telegram.org/bot6498122288:AAEwLtSx9AeMnXMt5VeWlzpx3csNF-MUCd4/getUpdates "HTTP/1.1 200 OK"
2024-02-13 03:06:03 - httpx - INFO - HTTP Request: POST https://api.telegram.org/bot6498122288:AAEwLtSx9AeMnXMt5VeWlzpx3csNF-MUCd4/getUpdates "HTTP/1.1 200 OK"
2024-02-13 03:06:13 - httpx - INFO - HTTP Request: POST https://api.telegram.org/bot6498122288:AAEwLtSx9AeMnXMt5VeWlzpx3csNF-MUCd4/getUpdates "HTTP/1.1 200 OK"
2024-02-13 03:06:23 - httpx - INFO - HTTP Request: POST https://api.telegram.org/bot6498122288:AAEwLtSx9AeMnXMt5VeWlzpx3csNF-MUCd4/getUpdates "HTTP/1.1 200 OK"
2024-02-13 03:06:33 - httpx - INFO - HTTP Request: POST https://api.telegram.org/bot6498122288:AAEwLtSx9AeMnXMt5VeWlzpx3csNF-MUCd4/getUpdates "HTTP/1.1 200 OK"
2024-02-13 03:06:43 - httpx - INFO - HTTP Request: POST https://api.telegram.org/bot6498122288:AAEwLtSx9AeMnXMt5VeWlzpx3csNF-MUCd4/getUpdates "HTTP/1.1 200 OK"
2024-02-13 03:06:53 - httpx - INFO - HTTP Request: POST https://api.telegram.org/bot6498122288:AAEwLtSx9AeMnXMt5VeWlzpx3csNF-MUCd4/getUpdates "HTTP/1.1 200 OK"
2024-02-13 03:07:03 - httpx - INFO - HTTP Request: POST https://api.telegram.org/bot6498122288:AAEwLtSx9AeMnXMt5VeWlzpx3csNF-MUCd4/getUpdates "HTTP/1.1 200 OK"
2024-02-13 03:07:13 - httpx - INFO - HTTP Request: POST https://api.telegram.org/bot6498122288:AAEwLtSx9AeMnXMt5VeWlzpx3csNF-MUCd4/getUpdates "HTTP/1.1 200 OK"
2024-02-13 03:07:23 - httpx - INFO - HTTP Request: POST https://api.telegram.org/bot6498122288:AAEwLtSx9AeMnXMt5VeWlzpx3csNF-MUCd4/getUpdates "HTTP/1.1 200 OK"
2024-02-13 03:07:33 - httpx - INFO - HTTP Request: POST https://api.telegram.org/bot6498122288:AAEwLtSx9AeMnXMt5VeWlzpx3csNF-MUCd4/getUpdates "HTTP/1.1 200 OK"
2024-02-13 03:07:43 - httpx - INFO - HTTP Request: POST https://api.telegram.org/bot6498122288:AAEwLtSx9AeMnXMt5VeWlzpx3csNF-MUCd4/getUpdates "HTTP/1.1 200 OK"
2024-02-13 03:07:53 - httpx - INFO - HTTP Request: POST https://api.telegram.org/bot6498122288:AAEwLtSx9AeMnXMt5VeWlzpx3csNF-MUCd4/getUpdates "HTTP/1.1 200 OK"
2024-02-13 03:08:03 - httpx - INFO - HTTP Request: POST https://api.telegram.org/bot6498122288:AAEwLtSx9AeMnXMt5VeWlzpx3csNF-MUCd4/getUpdates "HTTP/1.1 200 OK"
2024-02-13 03:08:13 - httpx - INFO - HTTP Request: POST https://api.telegram.org/bot6498122288:AAEwLtSx9AeMnXMt5VeWlzpx3csNF-MUCd4/getUpdates "HTTP/1.1 200 OK"
2024-02-13 03:08:23 - httpx - INFO - HTTP Request: POST https://api.telegram.org/bot6498122288:AAEwLtSx9AeMnXMt5VeWlzpx3csNF-MUCd4/getUpdates "HTTP/1.1 200 OK"
2024-02-13 03:08:34 - httpx - INFO - HTTP Request: POST https://api.telegram.org/bot6498122288:AAEwLtSx9AeMnXMt5VeWlzpx3csNF-MUCd4/getUpdates "HTTP/1.1 200 OK"
2024-02-13 03:08:44 - httpx - INFO - HTTP Request: POST https://api.telegram.org/bot6498122288:AAEwLtSx9AeMnXMt5VeWlzpx3csNF-MUCd4/getUpdates "HTTP/1.1 200 OK"
2024-02-13 03:08:54 - httpx - INFO - HTTP Request: POST https://api.telegram.org/bot6498122288:AAEwLtSx9AeMnXMt5VeWlzpx3csNF-MUCd4/getUpdates "HTTP/1.1 200 OK"
2024-02-13 03:09:04 - httpx - INFO - HTTP Request: POST https://api.telegram.org/bot6498122288:AAEwLtSx9AeMnXMt5VeWlzpx3csNF-MUCd4/getUpdates "HTTP/1.1 200 OK"
2024-02-13 03:09:14 - httpx - INFO - HTTP Request: POST https://api.telegram.org/bot6498122288:AAEwLtSx9AeMnXMt5VeWlzpx3csNF-MUCd4/getUpdates "HTTP/1.1 200 OK"
2024-02-13 03:09:24 - httpx - INFO - HTTP Request: POST https://api.telegram.org/bot6498122288:AAEwLtSx9AeMnXMt5VeWlzpx3csNF-MUCd4/getUpdates "HTTP/1.1 200 OK"
2024-02-13 03:09:34 - httpx - INFO - HTTP Request: POST https://api.telegram.org/bot6498122288:AAEwLtSx9AeMnXMt5VeWlzpx3csNF-MUCd4/getUpdates "HTTP/1.1 200 OK"
2024-02-13 03:09:44 - httpx - INFO - HTTP Request: POST https://api.telegram.org/bot6498122288:AAEwLtSx9AeMnXMt5VeWlzpx3csNF-MUCd4/getUpdates "HTTP/1.1 200 OK"
2024-02-13 03:09:54 - httpx - INFO - HTTP Request: POST https://api.telegram.org/bot6498122288:AAEwLtSx9AeMnXMt5VeWlzpx3csNF-MUCd4/getUpdates "HTTP/1.1 200 OK"
2024-02-13 03:10:04 - httpx - INFO - HTTP Request: POST https://api.telegram.org/bot6498122288:AAEwLtSx9AeMnXMt5VeWlzpx3csNF-MUCd4/getUpdates "HTTP/1.1 200 OK"
2024-02-13 03:10:14 - httpx - INFO - HTTP Request: POST https://api.telegram.org/bot6498122288:AAEwLtSx9AeMnXMt5VeWlzpx3csNF-MUCd4/getUpdates "HTTP/1.1 200 OK"
2024-02-13 03:10:24 - httpx - INFO - HTTP Request: POST https://api.telegram.org/bot6498122288:AAEwLtSx9AeMnXMt5VeWlzpx3csNF-MUCd4/getUpdates "HTTP/1.1 200 OK"
2024-02-13 03:10:34 - httpx - INFO - HTTP Request: POST https://api.telegram.org/bot6498122288:AAEwLtSx9AeMnXMt5VeWlzpx3csNF-MUCd4/getUpdates "HTTP/1.1 200 OK"
2024-02-13 03:10:44 - httpx - INFO - HTTP Request: POST https://api.telegram.org/bot6498122288:AAEwLtSx9AeMnXMt5VeWlzpx3csNF-MUCd4/getUpdates "HTTP/1.1 200 OK"
2024-02-13 03:10:54 - httpx - INFO - HTTP Request: POST https://api.telegram.org/bot6498122288:AAEwLtSx9AeMnXMt5VeWlzpx3csNF-MUCd4/getUpdates "HTTP/1.1 200 OK"
2024-02-13 03:11:04 - httpx - INFO - HTTP Request: POST https://api.telegram.org/bot6498122288:AAEwLtSx9AeMnXMt5VeWlzpx3csNF-MUCd4/getUpdates "HTTP/1.1 200 OK"
2024-02-13 03:11:14 - httpx - INFO - HTTP Request: POST https://api.telegram.org/bot6498122288:AAEwLtSx9AeMnXMt5VeWlzpx3csNF-MUCd4/getUpdates "HTTP/1.1 200 OK"
2024-02-13 03:11:25 - httpx - INFO - HTTP Request: POST https://api.telegram.org/bot6498122288:AAEwLtSx9AeMnXMt5VeWlzpx3csNF-MUCd4/getUpdates "HTTP/1.1 200 OK"
2024-02-13 03:11:35 - httpx - INFO - HTTP Request: POST https://api.telegram.org/bot6498122288:AAEwLtSx9AeMnXMt5VeWlzpx3csNF-MUCd4/getUpdates "HTTP/1.1 200 OK"
2024-02-13 03:11:45 - httpx - INFO - HTTP Request: POST https://api.telegram.org/bot6498122288:AAEwLtSx9AeMnXMt5VeWlzpx3csNF-MUCd4/getUpdates "HTTP/1.1 200 OK"
2024-02-13 03:11:55 - httpx - INFO - HTTP Request: POST https://api.telegram.org/bot6498122288:AAEwLtSx9AeMnXMt5VeWlzpx3csNF-MUCd4/getUpdates "HTTP/1.1 200 OK"
2024-02-13 03:12:05 - httpx - INFO - HTTP Request: POST https://api.telegram.org/bot6498122288:AAEwLtSx9AeMnXMt5VeWlzpx3csNF-MUCd4/getUpdates "HTTP/1.1 200 OK"
2024-02-13 03:12:15 - httpx - INFO - HTTP Request: POST https://api.telegram.org/bot6498122288:AAEwLtSx9AeMnXMt5VeWlzpx3csNF-MUCd4/getUpdates "HTTP/1.1 200 OK"
2024-02-13 03:12:25 - httpx - INFO - HTTP Request: POST https://api.telegram.org/bot6498122288:AAEwLtSx9AeMnXMt5VeWlzpx3csNF-MUCd4/getUpdates "HTTP/1.1 200 OK"
2024-02-13 03:12:35 - httpx - INFO - HTTP Request: POST https://api.telegram.org/bot6498122288:AAEwLtSx9AeMnXMt5VeWlzpx3csNF-MUCd4/getUpdates "HTTP/1.1 200 OK"
2024-02-13 03:12:45 - httpx - INFO - HTTP Request: POST https://api.telegram.org/bot6498122288:AAEwLtSx9AeMnXMt5VeWlzpx3csNF-MUCd4/getUpdates "HTTP/1.1 200 OK"
2024-02-13 03:12:55 - httpx - INFO - HTTP Request: POST https://api.telegram.org/bot6498122288:AAEwLtSx9AeMnXMt5VeWlzpx3csNF-MUCd4/getUpdates "HTTP/1.1 200 OK"
2024-02-13 03:13:05 - httpx - INFO - HTTP Request: POST https://api.telegram.org/bot6498122288:AAEwLtSx9AeMnXMt5VeWlzpx3csNF-MUCd4/getUpdates "HTTP/1.1 200 OK"
2024-02-13 03:13:15 - httpx - INFO - HTTP Request: POST https://api.telegram.org/bot6498122288:AAEwLtSx9AeMnXMt5VeWlzpx3csNF-MUCd4/getUpdates "HTTP/1.1 200 OK"
2024-02-13 03:13:25 - httpx - INFO - HTTP Request: POST https://api.telegram.org/bot6498122288:AAEwLtSx9AeMnXMt5VeWlzpx3csNF-MUCd4/getUpdates "HTTP/1.1 200 OK"
2024-02-13 03:13:35 - httpx - INFO - HTTP Request: POST https://api.telegram.org/bot6498122288:AAEwLtSx9AeMnXMt5VeWlzpx3csNF-MUCd4/getUpdates "HTTP/1.1 200 OK"
2024-02-13 03:13:45 - httpx - INFO - HTTP Request: POST https://api.telegram.org/bot6498122288:AAEwLtSx9AeMnXMt5VeWlzpx3csNF-MUCd4/getUpdates "HTTP/1.1 200 OK"
2024-02-13 03:13:55 - httpx - INFO - HTTP Request: POST https://api.telegram.org/bot6498122288:AAEwLtSx9AeMnXMt5VeWlzpx3csNF-MUCd4/getUpdates "HTTP/1.1 200 OK"
2024-02-13 03:14:05 - httpx - INFO - HTTP Request: POST https://api.telegram.org/bot6498122288:AAEwLtSx9AeMnXMt5VeWlzpx3csNF-MUCd4/getUpdates "HTTP/1.1 200 OK"
2024-02-13 03:14:15 - httpx - INFO - HTTP Request: POST https://api.telegram.org/bot6498122288:AAEwLtSx9AeMnXMt5VeWlzpx3csNF-MUCd4/getUpdates "HTTP/1.1 200 OK"
2024-02-13 03:14:26 - httpx - INFO - HTTP Request: POST https://api.telegram.org/bot6498122288:AAEwLtSx9AeMnXMt5VeWlzpx3csNF-MUCd4/getUpdates "HTTP/1.1 200 OK"
2024-02-13 03:14:36 - httpx - INFO - HTTP Request: POST https://api.telegram.org/bot6498122288:AAEwLtSx9AeMnXMt5VeWlzpx3csNF-MUCd4/getUpdates "HTTP/1.1 200 OK"
2024-02-13 03:14:46 - httpx - INFO - HTTP Request: POST https://api.telegram.org/bot6498122288:AAEwLtSx9AeMnXMt5VeWlzpx3csNF-MUCd4/getUpdates "HTTP/1.1 200 OK"
2024-02-13 03:14:56 - httpx - INFO - HTTP Request: POST https://api.telegram.org/bot6498122288:AAEwLtSx9AeMnXMt5VeWlzpx3csNF-MUCd4/getUpdates "HTTP/1.1 200 OK"
2024-02-13 03:15:06 - httpx - INFO - HTTP Request: POST https://api.telegram.org/bot6498122288:AAEwLtSx9AeMnXMt5VeWlzpx3csNF-MUCd4/getUpdates "HTTP/1.1 200 OK"
2024-02-13 03:15:16 - httpx - INFO - HTTP Request: POST https://api.telegram.org/bot6498122288:AAEwLtSx9AeMnXMt5VeWlzpx3csNF-MUCd4/getUpdates "HTTP/1.1 200 OK"
2024-02-13 03:15:26 - httpx - INFO - HTTP Request: POST https://api.telegram.org/bot6498122288:AAEwLtSx9AeMnXMt5VeWlzpx3csNF-MUCd4/getUpdates "HTTP/1.1 200 OK"
2024-02-13 03:15:36 - httpx - INFO - HTTP Request: POST https://api.telegram.org/bot6498122288:AAEwLtSx9AeMnXMt5VeWlzpx3csNF-MUCd4/getUpdates "HTTP/1.1 200 OK"
2024-02-13 03:15:46 - httpx - INFO - HTTP Request: POST https://api.telegram.org/bot6498122288:AAEwLtSx9AeMnXMt5VeWlzpx3csNF-MUCd4/getUpdates "HTTP/1.1 200 OK"
2024-02-13 03:15:56 - httpx - INFO - HTTP Request: POST https://api.telegram.org/bot6498122288:AAEwLtSx9AeMnXMt5VeWlzpx3csNF-MUCd4/getUpdates "HTTP/1.1 200 OK"
2024-02-13 03:16:06 - httpx - INFO - HTTP Request: POST https://api.telegram.org/bot6498122288:AAEwLtSx9AeMnXMt5VeWlzpx3csNF-MUCd4/getUpdates "HTTP/1.1 200 OK"
2024-02-13 03:16:16 - httpx - INFO - HTTP Request: POST https://api.telegram.org/bot6498122288:AAEwLtSx9AeMnXMt5VeWlzpx3csNF-MUCd4/getUpdates "HTTP/1.1 200 OK"
2024-02-13 03:16:26 - httpx - INFO - HTTP Request: POST https://api.telegram.org/bot6498122288:AAEwLtSx9AeMnXMt5VeWlzpx3csNF-MUCd4/getUpdates "HTTP/1.1 200 OK"
2024-02-13 03:16:36 - httpx - INFO - HTTP Request: POST https://api.telegram.org/bot6498122288:AAEwLtSx9AeMnXMt5VeWlzpx3csNF-MUCd4/getUpdates "HTTP/1.1 200 OK"
2024-02-13 03:16:46 - httpx - INFO - HTTP Request: POST https://api.telegram.org/bot6498122288:AAEwLtSx9AeMnXMt5VeWlzpx3csNF-MUCd4/getUpdates "HTTP/1.1 200 OK"
2024-02-13 03:16:56 - httpx - INFO - HTTP Request: POST https://api.telegram.org/bot6498122288:AAEwLtSx9AeMnXMt5VeWlzpx3csNF-MUCd4/getUpdates "HTTP/1.1 200 OK"
2024-02-13 03:17:07 - httpx - INFO - HTTP Request: POST https://api.telegram.org/bot6498122288:AAEwLtSx9AeMnXMt5VeWlzpx3csNF-MUCd4/getUpdates "HTTP/1.1 200 OK"
2024-02-13 03:17:17 - httpx - INFO - HTTP Request: POST https://api.telegram.org/bot6498122288:AAEwLtSx9AeMnXMt5VeWlzpx3csNF-MUCd4/getUpdates "HTTP/1.1 200 OK"
2024-02-13 03:17:27 - httpx - INFO - HTTP Request: POST https://api.telegram.org/bot6498122288:AAEwLtSx9AeMnXMt5VeWlzpx3csNF-MUCd4/getUpdates "HTTP/1.1 200 OK"
2024-02-13 03:17:37 - httpx - INFO - HTTP Request: POST https://api.telegram.org/bot6498122288:AAEwLtSx9AeMnXMt5VeWlzpx3csNF-MUCd4/getUpdates "HTTP/1.1 200 OK"
2024-02-13 03:17:47 - httpx - INFO - HTTP Request: POST https://api.telegram.org/bot6498122288:AAEwLtSx9AeMnXMt5VeWlzpx3csNF-MUCd4/getUpdates "HTTP/1.1 200 OK"
2024-02-13 03:17:57 - httpx - INFO - HTTP Request: POST https://api.telegram.org/bot6498122288:AAEwLtSx9AeMnXMt5VeWlzpx3csNF-MUCd4/getUpdates "HTTP/1.1 200 OK"
2024-02-13 03:18:07 - httpx - INFO - HTTP Request: POST https://api.telegram.org/bot6498122288:AAEwLtSx9AeMnXMt5VeWlzpx3csNF-MUCd4/getUpdates "HTTP/1.1 200 OK"
2024-02-13 03:18:17 - httpx - INFO - HTTP Request: POST https://api.telegram.org/bot6498122288:AAEwLtSx9AeMnXMt5VeWlzpx3csNF-MUCd4/getUpdates "HTTP/1.1 200 OK"
2024-02-13 03:18:27 - httpx - INFO - HTTP Request: POST https://api.telegram.org/bot6498122288:AAEwLtSx9AeMnXMt5VeWlzpx3csNF-MUCd4/getUpdates "HTTP/1.1 200 OK"
2024-02-13 03:18:37 - httpx - INFO - HTTP Request: POST https://api.telegram.org/bot6498122288:AAEwLtSx9AeMnXMt5VeWlzpx3csNF-MUCd4/getUpdates "HTTP/1.1 200 OK"
2024-02-13 03:18:47 - httpx - INFO - HTTP Request: POST https://api.telegram.org/bot6498122288:AAEwLtSx9AeMnXMt5VeWlzpx3csNF-MUCd4/getUpdates "HTTP/1.1 200 OK"
2024-02-13 03:18:57 - httpx - INFO - HTTP Request: POST https://api.telegram.org/bot6498122288:AAEwLtSx9AeMnXMt5VeWlzpx3csNF-MUCd4/getUpdates "HTTP/1.1 200 OK"
2024-02-13 03:19:07 - httpx - INFO - HTTP Request: POST https://api.telegram.org/bot6498122288:AAEwLtSx9AeMnXMt5VeWlzpx3csNF-MUCd4/getUpdates "HTTP/1.1 200 OK"
2024-02-13 03:19:17 - httpx - INFO - HTTP Request: POST https://api.telegram.org/bot6498122288:AAEwLtSx9AeMnXMt5VeWlzpx3csNF-MUCd4/getUpdates "HTTP/1.1 200 OK"
2024-02-13 03:19:27 - httpx - INFO - HTTP Request: POST https://api.telegram.org/bot6498122288:AAEwLtSx9AeMnXMt5VeWlzpx3csNF-MUCd4/getUpdates "HTTP/1.1 200 OK"
2024-02-13 03:19:37 - httpx - INFO - HTTP Request: POST https://api.telegram.org/bot6498122288:AAEwLtSx9AeMnXMt5VeWlzpx3csNF-MUCd4/getUpdates "HTTP/1.1 200 OK"
2024-02-13 03:19:47 - httpx - INFO - HTTP Request: POST https://api.telegram.org/bot6498122288:AAEwLtSx9AeMnXMt5VeWlzpx3csNF-MUCd4/getUpdates "HTTP/1.1 200 OK"
2024-02-13 03:19:57 - httpx - INFO - HTTP Request: POST https://api.telegram.org/bot6498122288:AAEwLtSx9AeMnXMt5VeWlzpx3csNF-MUCd4/getUpdates "HTTP/1.1 200 OK"
2024-02-13 03:20:08 - httpx - INFO - HTTP Request: POST https://api.telegram.org/bot6498122288:AAEwLtSx9AeMnXMt5VeWlzpx3csNF-MUCd4/getUpdates "HTTP/1.1 200 OK"
2024-02-13 03:20:18 - httpx - INFO - HTTP Request: POST https://api.telegram.org/bot6498122288:AAEwLtSx9AeMnXMt5VeWlzpx3csNF-MUCd4/getUpdates "HTTP/1.1 200 OK"
2024-02-13 03:20:28 - httpx - INFO - HTTP Request: POST https://api.telegram.org/bot6498122288:AAEwLtSx9AeMnXMt5VeWlzpx3csNF-MUCd4/getUpdates "HTTP/1.1 200 OK"
2024-02-13 03:20:38 - httpx - INFO - HTTP Request: POST https://api.telegram.org/bot6498122288:AAEwLtSx9AeMnXMt5VeWlzpx3csNF-MUCd4/getUpdates "HTTP/1.1 200 OK"
2024-02-13 03:20:48 - httpx - INFO - HTTP Request: POST https://api.telegram.org/bot6498122288:AAEwLtSx9AeMnXMt5VeWlzpx3csNF-MUCd4/getUpdates "HTTP/1.1 200 OK"
2024-02-13 03:20:58 - httpx - INFO - HTTP Request: POST https://api.telegram.org/bot6498122288:AAEwLtSx9AeMnXMt5VeWlzpx3csNF-MUCd4/getUpdates "HTTP/1.1 200 OK"
2024-02-13 03:21:08 - httpx - INFO - HTTP Request: POST https://api.telegram.org/bot6498122288:AAEwLtSx9AeMnXMt5VeWlzpx3csNF-MUCd4/getUpdates "HTTP/1.1 200 OK"
2024-02-13 03:21:18 - httpx - INFO - HTTP Request: POST https://api.telegram.org/bot6498122288:AAEwLtSx9AeMnXMt5VeWlzpx3csNF-MUCd4/getUpdates "HTTP/1.1 200 OK"
2024-02-13 03:21:28 - httpx - INFO - HTTP Request: POST https://api.telegram.org/bot6498122288:AAEwLtSx9AeMnXMt5VeWlzpx3csNF-MUCd4/getUpdates "HTTP/1.1 200 OK"
2024-02-13 03:21:38 - httpx - INFO - HTTP Request: POST https://api.telegram.org/bot6498122288:AAEwLtSx9AeMnXMt5VeWlzpx3csNF-MUCd4/getUpdates "HTTP/1.1 200 OK"
2024-02-13 03:21:48 - httpx - INFO - HTTP Request: POST https://api.telegram.org/bot6498122288:AAEwLtSx9AeMnXMt5VeWlzpx3csNF-MUCd4/getUpdates "HTTP/1.1 200 OK"
2024-02-13 03:21:58 - httpx - INFO - HTTP Request: POST https://api.telegram.org/bot6498122288:AAEwLtSx9AeMnXMt5VeWlzpx3csNF-MUCd4/getUpdates "HTTP/1.1 200 OK"
2024-02-13 03:22:08 - httpx - INFO - HTTP Request: POST https://api.telegram.org/bot6498122288:AAEwLtSx9AeMnXMt5VeWlzpx3csNF-MUCd4/getUpdates "HTTP/1.1 200 OK"
2024-02-13 03:22:18 - httpx - INFO - HTTP Request: POST https://api.telegram.org/bot6498122288:AAEwLtSx9AeMnXMt5VeWlzpx3csNF-MUCd4/getUpdates "HTTP/1.1 200 OK"
2024-02-13 03:22:28 - httpx - INFO - HTTP Request: POST https://api.telegram.org/bot6498122288:AAEwLtSx9AeMnXMt5VeWlzpx3csNF-MUCd4/getUpdates "HTTP/1.1 200 OK"
2024-02-13 03:22:38 - httpx - INFO - HTTP Request: POST https://api.telegram.org/bot6498122288:AAEwLtSx9AeMnXMt5VeWlzpx3csNF-MUCd4/getUpdates "HTTP/1.1 200 OK"
2024-02-13 03:22:48 - httpx - INFO - HTTP Request: POST https://api.telegram.org/bot6498122288:AAEwLtSx9AeMnXMt5VeWlzpx3csNF-MUCd4/getUpdates "HTTP/1.1 200 OK"
2024-02-13 03:22:58 - httpx - INFO - HTTP Request: POST https://api.telegram.org/bot6498122288:AAEwLtSx9AeMnXMt5VeWlzpx3csNF-MUCd4/getUpdates "HTTP/1.1 200 OK"
2024-02-13 03:23:08 - httpx - INFO - HTTP Request: POST https://api.telegram.org/bot6498122288:AAEwLtSx9AeMnXMt5VeWlzpx3csNF-MUCd4/getUpdates "HTTP/1.1 200 OK"
2024-02-13 03:23:19 - httpx - INFO - HTTP Request: POST https://api.telegram.org/bot6498122288:AAEwLtSx9AeMnXMt5VeWlzpx3csNF-MUCd4/getUpdates "HTTP/1.1 200 OK"
2024-02-13 03:23:29 - httpx - INFO - HTTP Request: POST https://api.telegram.org/bot6498122288:AAEwLtSx9AeMnXMt5VeWlzpx3csNF-MUCd4/getUpdates "HTTP/1.1 200 OK"
2024-02-13 03:23:39 - httpx - INFO - HTTP Request: POST https://api.telegram.org/bot6498122288:AAEwLtSx9AeMnXMt5VeWlzpx3csNF-MUCd4/getUpdates "HTTP/1.1 200 OK"
2024-02-13 03:23:49 - httpx - INFO - HTTP Request: POST https://api.telegram.org/bot6498122288:AAEwLtSx9AeMnXMt5VeWlzpx3csNF-MUCd4/getUpdates "HTTP/1.1 200 OK"
2024-02-13 03:23:59 - httpx - INFO - HTTP Request: POST https://api.telegram.org/bot6498122288:AAEwLtSx9AeMnXMt5VeWlzpx3csNF-MUCd4/getUpdates "HTTP/1.1 200 OK"
2024-02-13 03:23:59 - telegram.ext.Updater - ERROR - Error while getting Updates: httpx.ReadError: 
2024-02-13 03:23:59 - telegram.ext.Application - ERROR - No error handlers are registered, logging exception.
Traceback (most recent call last):
  File "C:\Users\IvanA\PycharmProjects\TelegramBot\venv\Lib\site-packages\httpcore\_exceptions.py", line 10, in map_exceptions
    yield
  File "C:\Users\IvanA\PycharmProjects\TelegramBot\venv\Lib\site-packages\httpcore\_backends\anyio.py", line 34, in read
    return await self._stream.receive(max_bytes=max_bytes)
           ^^^^^^^^^^^^^^^^^^^^^^^^^^^^^^^^^^^^^^^^^^^^^^^
  File "C:\Users\IvanA\PycharmProjects\TelegramBot\venv\Lib\site-packages\anyio\streams\tls.py", line 205, in receive
    data = await self._call_sslobject_method(self._ssl_object.read, max_bytes)
           ^^^^^^^^^^^^^^^^^^^^^^^^^^^^^^^^^^^^^^^^^^^^^^^^^^^^^^^^^^^^^^^^^^^
  File "C:\Users\IvanA\PycharmProjects\TelegramBot\venv\Lib\site-packages\anyio\streams\tls.py", line 147, in _call_sslobject_method
    data = await self.transport_stream.receive()
           ^^^^^^^^^^^^^^^^^^^^^^^^^^^^^^^^^^^^^
  File "C:\Users\IvanA\PycharmProjects\TelegramBot\venv\Lib\site-packages\anyio\_backends\_asyncio.py", line 1132, in receive
    raise self._protocol.exception from None
anyio.BrokenResourceError

The above exception was the direct cause of the following exception:

Traceback (most recent call last):
  File "C:\Users\IvanA\PycharmProjects\TelegramBot\venv\Lib\site-packages\httpx\_transports\default.py", line 67, in map_httpcore_exceptions
    yield
  File "C:\Users\IvanA\PycharmProjects\TelegramBot\venv\Lib\site-packages\httpx\_transports\default.py", line 371, in handle_async_request
    resp = await self._pool.handle_async_request(req)
           ^^^^^^^^^^^^^^^^^^^^^^^^^^^^^^^^^^^^^^^^^^
  File "C:\Users\IvanA\PycharmProjects\TelegramBot\venv\Lib\site-packages\httpcore\_async\connection_pool.py", line 268, in handle_async_request
    raise exc
  File "C:\Users\IvanA\PycharmProjects\TelegramBot\venv\Lib\site-packages\httpcore\_async\connection_pool.py", line 251, in handle_async_request
    response = await connection.handle_async_request(request)
               ^^^^^^^^^^^^^^^^^^^^^^^^^^^^^^^^^^^^^^^^^^^^^^
  File "C:\Users\IvanA\PycharmProjects\TelegramBot\venv\Lib\site-packages\httpcore\_async\connection.py", line 103, in handle_async_request
    return await self._connection.handle_async_request(request)
           ^^^^^^^^^^^^^^^^^^^^^^^^^^^^^^^^^^^^^^^^^^^^^^^^^^^^
  File "C:\Users\IvanA\PycharmProjects\TelegramBot\venv\Lib\site-packages\httpcore\_async\http11.py", line 133, in handle_async_request
    raise exc
  File "C:\Users\IvanA\PycharmProjects\TelegramBot\venv\Lib\site-packages\httpcore\_async\http11.py", line 111, in handle_async_request
    ) = await self._receive_response_headers(**kwargs)
        ^^^^^^^^^^^^^^^^^^^^^^^^^^^^^^^^^^^^^^^^^^^^^^
  File "C:\Users\IvanA\PycharmProjects\TelegramBot\venv\Lib\site-packages\httpcore\_async\http11.py", line 176, in _receive_response_headers
    event = await self._receive_event(timeout=timeout)
            ^^^^^^^^^^^^^^^^^^^^^^^^^^^^^^^^^^^^^^^^^^
  File "C:\Users\IvanA\PycharmProjects\TelegramBot\venv\Lib\site-packages\httpcore\_async\http11.py", line 212, in _receive_event
    data = await self._network_stream.read(
           ^^^^^^^^^^^^^^^^^^^^^^^^^^^^^^^^
  File "C:\Users\IvanA\PycharmProjects\TelegramBot\venv\Lib\site-packages\httpcore\_backends\anyio.py", line 31, in read
    with map_exceptions(exc_map):
  File "C:\Users\IvanA\AppData\Local\Programs\Python\Python312\Lib\contextlib.py", line 158, in __exit__
    self.gen.throw(value)
  File "C:\Users\IvanA\PycharmProjects\TelegramBot\venv\Lib\site-packages\httpcore\_exceptions.py", line 14, in map_exceptions
    raise to_exc(exc) from exc
httpcore.ReadError

The above exception was the direct cause of the following exception:

Traceback (most recent call last):
  File "C:\Users\IvanA\PycharmProjects\TelegramBot\venv\Lib\site-packages\telegram\request\_httpxrequest.py", line 268, in do_request
    res = await self._client.request(
          ^^^^^^^^^^^^^^^^^^^^^^^^^^^
  File "C:\Users\IvanA\PycharmProjects\TelegramBot\venv\Lib\site-packages\httpx\_client.py", line 1559, in request
    return await self.send(request, auth=auth, follow_redirects=follow_redirects)
           ^^^^^^^^^^^^^^^^^^^^^^^^^^^^^^^^^^^^^^^^^^^^^^^^^^^^^^^^^^^^^^^^^^^^^^
  File "C:\Users\IvanA\PycharmProjects\TelegramBot\venv\Lib\site-packages\httpx\_client.py", line 1646, in send
    response = await self._send_handling_auth(
               ^^^^^^^^^^^^^^^^^^^^^^^^^^^^^^^
  File "C:\Users\IvanA\PycharmProjects\TelegramBot\venv\Lib\site-packages\httpx\_client.py", line 1674, in _send_handling_auth
    response = await self._send_handling_redirects(
               ^^^^^^^^^^^^^^^^^^^^^^^^^^^^^^^^^^^^
  File "C:\Users\IvanA\PycharmProjects\TelegramBot\venv\Lib\site-packages\httpx\_client.py", line 1711, in _send_handling_redirects
    response = await self._send_single_request(request)
               ^^^^^^^^^^^^^^^^^^^^^^^^^^^^^^^^^^^^^^^^
  File "C:\Users\IvanA\PycharmProjects\TelegramBot\venv\Lib\site-packages\httpx\_client.py", line 1748, in _send_single_request
    response = await transport.handle_async_request(request)
               ^^^^^^^^^^^^^^^^^^^^^^^^^^^^^^^^^^^^^^^^^^^^^
  File "C:\Users\IvanA\PycharmProjects\TelegramBot\venv\Lib\site-packages\httpx\_transports\default.py", line 370, in handle_async_request
    with map_httpcore_exceptions():
  File "C:\Users\IvanA\AppData\Local\Programs\Python\Python312\Lib\contextlib.py", line 158, in __exit__
    self.gen.throw(value)
  File "C:\Users\IvanA\PycharmProjects\TelegramBot\venv\Lib\site-packages\httpx\_transports\default.py", line 84, in map_httpcore_exceptions
    raise mapped_exc(message) from exc
httpx.ReadError

The above exception was the direct cause of the following exception:

Traceback (most recent call last):
  File "C:\Users\IvanA\PycharmProjects\TelegramBot\venv\Lib\site-packages\telegram\ext\_updater.py", line 715, in _network_loop_retry
    if not await action_cb():
           ^^^^^^^^^^^^^^^^^
  File "C:\Users\IvanA\PycharmProjects\TelegramBot\venv\Lib\site-packages\telegram\ext\_updater.py", line 384, in polling_action_cb
    raise exc
  File "C:\Users\IvanA\PycharmProjects\TelegramBot\venv\Lib\site-packages\telegram\ext\_updater.py", line 373, in polling_action_cb
    updates = await self.bot.get_updates(
              ^^^^^^^^^^^^^^^^^^^^^^^^^^^
  File "C:\Users\IvanA\PycharmProjects\TelegramBot\venv\Lib\site-packages\telegram\ext\_extbot.py", line 618, in get_updates
    updates = await super().get_updates(
              ^^^^^^^^^^^^^^^^^^^^^^^^^^
  File "C:\Users\IvanA\PycharmProjects\TelegramBot\venv\Lib\site-packages\telegram\_bot.py", line 542, in decorator
    result = await func(self, *args, **kwargs)
             ^^^^^^^^^^^^^^^^^^^^^^^^^^^^^^^^^
  File "C:\Users\IvanA\PycharmProjects\TelegramBot\venv\Lib\site-packages\telegram\_bot.py", line 4164, in get_updates
    await self._post(
  File "C:\Users\IvanA\PycharmProjects\TelegramBot\venv\Lib\site-packages\telegram\_bot.py", line 630, in _post
    return await self._do_post(
           ^^^^^^^^^^^^^^^^^^^^
  File "C:\Users\IvanA\PycharmProjects\TelegramBot\venv\Lib\site-packages\telegram\ext\_extbot.py", line 347, in _do_post
    return await super()._do_post(
           ^^^^^^^^^^^^^^^^^^^^^^^
  File "C:\Users\IvanA\PycharmProjects\TelegramBot\venv\Lib\site-packages\telegram\_bot.py", line 658, in _do_post
    return await request.post(
           ^^^^^^^^^^^^^^^^^^^
  File "C:\Users\IvanA\PycharmProjects\TelegramBot\venv\Lib\site-packages\telegram\request\_baserequest.py", line 200, in post
    result = await self._request_wrapper(
             ^^^^^^^^^^^^^^^^^^^^^^^^^^^^
  File "C:\Users\IvanA\PycharmProjects\TelegramBot\venv\Lib\site-packages\telegram\request\_baserequest.py", line 340, in _request_wrapper
    raise exc
  File "C:\Users\IvanA\PycharmProjects\TelegramBot\venv\Lib\site-packages\telegram\request\_baserequest.py", line 330, in _request_wrapper
    code, payload = await self.do_request(
                    ^^^^^^^^^^^^^^^^^^^^^^
  File "C:\Users\IvanA\PycharmProjects\TelegramBot\venv\Lib\site-packages\telegram\request\_httpxrequest.py", line 292, in do_request
    raise NetworkError(f"httpx.{err.__class__.__name__}: {err}") from err
telegram.error.NetworkError: httpx.ReadError: 
2024-02-13 03:24:10 - httpx - INFO - HTTP Request: POST https://api.telegram.org/bot6498122288:AAEwLtSx9AeMnXMt5VeWlzpx3csNF-MUCd4/getUpdates "HTTP/1.1 200 OK"
2024-02-13 03:24:20 - httpx - INFO - HTTP Request: POST https://api.telegram.org/bot6498122288:AAEwLtSx9AeMnXMt5VeWlzpx3csNF-MUCd4/getUpdates "HTTP/1.1 200 OK"
2024-02-13 03:24:30 - httpx - INFO - HTTP Request: POST https://api.telegram.org/bot6498122288:AAEwLtSx9AeMnXMt5VeWlzpx3csNF-MUCd4/getUpdates "HTTP/1.1 200 OK"
2024-02-13 03:24:40 - httpx - INFO - HTTP Request: POST https://api.telegram.org/bot6498122288:AAEwLtSx9AeMnXMt5VeWlzpx3csNF-MUCd4/getUpdates "HTTP/1.1 200 OK"
2024-02-13 03:24:50 - httpx - INFO - HTTP Request: POST https://api.telegram.org/bot6498122288:AAEwLtSx9AeMnXMt5VeWlzpx3csNF-MUCd4/getUpdates "HTTP/1.1 200 OK"
2024-02-13 03:25:00 - httpx - INFO - HTTP Request: POST https://api.telegram.org/bot6498122288:AAEwLtSx9AeMnXMt5VeWlzpx3csNF-MUCd4/getUpdates "HTTP/1.1 200 OK"
2024-02-13 03:25:10 - httpx - INFO - HTTP Request: POST https://api.telegram.org/bot6498122288:AAEwLtSx9AeMnXMt5VeWlzpx3csNF-MUCd4/getUpdates "HTTP/1.1 200 OK"
2024-02-13 03:25:20 - httpx - INFO - HTTP Request: POST https://api.telegram.org/bot6498122288:AAEwLtSx9AeMnXMt5VeWlzpx3csNF-MUCd4/getUpdates "HTTP/1.1 200 OK"
2024-02-13 03:25:30 - httpx - INFO - HTTP Request: POST https://api.telegram.org/bot6498122288:AAEwLtSx9AeMnXMt5VeWlzpx3csNF-MUCd4/getUpdates "HTTP/1.1 200 OK"
2024-02-13 03:25:40 - httpx - INFO - HTTP Request: POST https://api.telegram.org/bot6498122288:AAEwLtSx9AeMnXMt5VeWlzpx3csNF-MUCd4/getUpdates "HTTP/1.1 200 OK"
2024-02-13 03:25:51 - httpx - INFO - HTTP Request: POST https://api.telegram.org/bot6498122288:AAEwLtSx9AeMnXMt5VeWlzpx3csNF-MUCd4/getUpdates "HTTP/1.1 200 OK"
2024-02-13 03:26:01 - httpx - INFO - HTTP Request: POST https://api.telegram.org/bot6498122288:AAEwLtSx9AeMnXMt5VeWlzpx3csNF-MUCd4/getUpdates "HTTP/1.1 200 OK"
2024-02-13 03:26:11 - httpx - INFO - HTTP Request: POST https://api.telegram.org/bot6498122288:AAEwLtSx9AeMnXMt5VeWlzpx3csNF-MUCd4/getUpdates "HTTP/1.1 200 OK"
2024-02-13 03:26:21 - httpx - INFO - HTTP Request: POST https://api.telegram.org/bot6498122288:AAEwLtSx9AeMnXMt5VeWlzpx3csNF-MUCd4/getUpdates "HTTP/1.1 200 OK"
2024-02-13 03:26:31 - httpx - INFO - HTTP Request: POST https://api.telegram.org/bot6498122288:AAEwLtSx9AeMnXMt5VeWlzpx3csNF-MUCd4/getUpdates "HTTP/1.1 200 OK"
2024-02-13 03:26:41 - httpx - INFO - HTTP Request: POST https://api.telegram.org/bot6498122288:AAEwLtSx9AeMnXMt5VeWlzpx3csNF-MUCd4/getUpdates "HTTP/1.1 200 OK"
2024-02-13 03:26:51 - httpx - INFO - HTTP Request: POST https://api.telegram.org/bot6498122288:AAEwLtSx9AeMnXMt5VeWlzpx3csNF-MUCd4/getUpdates "HTTP/1.1 200 OK"
2024-02-13 03:27:01 - httpx - INFO - HTTP Request: POST https://api.telegram.org/bot6498122288:AAEwLtSx9AeMnXMt5VeWlzpx3csNF-MUCd4/getUpdates "HTTP/1.1 200 OK"
2024-02-13 03:27:11 - httpx - INFO - HTTP Request: POST https://api.telegram.org/bot6498122288:AAEwLtSx9AeMnXMt5VeWlzpx3csNF-MUCd4/getUpdates "HTTP/1.1 200 OK"
2024-02-13 03:27:21 - httpx - INFO - HTTP Request: POST https://api.telegram.org/bot6498122288:AAEwLtSx9AeMnXMt5VeWlzpx3csNF-MUCd4/getUpdates "HTTP/1.1 200 OK"
2024-02-13 03:27:31 - httpx - INFO - HTTP Request: POST https://api.telegram.org/bot6498122288:AAEwLtSx9AeMnXMt5VeWlzpx3csNF-MUCd4/getUpdates "HTTP/1.1 200 OK"
2024-02-13 03:27:41 - httpx - INFO - HTTP Request: POST https://api.telegram.org/bot6498122288:AAEwLtSx9AeMnXMt5VeWlzpx3csNF-MUCd4/getUpdates "HTTP/1.1 200 OK"
2024-02-13 03:27:51 - httpx - INFO - HTTP Request: POST https://api.telegram.org/bot6498122288:AAEwLtSx9AeMnXMt5VeWlzpx3csNF-MUCd4/getUpdates "HTTP/1.1 200 OK"
2024-02-13 03:28:01 - httpx - INFO - HTTP Request: POST https://api.telegram.org/bot6498122288:AAEwLtSx9AeMnXMt5VeWlzpx3csNF-MUCd4/getUpdates "HTTP/1.1 200 OK"
2024-02-13 03:28:11 - httpx - INFO - HTTP Request: POST https://api.telegram.org/bot6498122288:AAEwLtSx9AeMnXMt5VeWlzpx3csNF-MUCd4/getUpdates "HTTP/1.1 200 OK"
2024-02-13 03:28:21 - httpx - INFO - HTTP Request: POST https://api.telegram.org/bot6498122288:AAEwLtSx9AeMnXMt5VeWlzpx3csNF-MUCd4/getUpdates "HTTP/1.1 200 OK"
2024-02-13 03:28:31 - httpx - INFO - HTTP Request: POST https://api.telegram.org/bot6498122288:AAEwLtSx9AeMnXMt5VeWlzpx3csNF-MUCd4/getUpdates "HTTP/1.1 200 OK"
2024-02-13 03:28:41 - httpx - INFO - HTTP Request: POST https://api.telegram.org/bot6498122288:AAEwLtSx9AeMnXMt5VeWlzpx3csNF-MUCd4/getUpdates "HTTP/1.1 200 OK"
2024-02-13 03:28:51 - httpx - INFO - HTTP Request: POST https://api.telegram.org/bot6498122288:AAEwLtSx9AeMnXMt5VeWlzpx3csNF-MUCd4/getUpdates "HTTP/1.1 200 OK"
2024-02-13 03:29:02 - httpx - INFO - HTTP Request: POST https://api.telegram.org/bot6498122288:AAEwLtSx9AeMnXMt5VeWlzpx3csNF-MUCd4/getUpdates "HTTP/1.1 200 OK"
2024-02-13 03:29:12 - httpx - INFO - HTTP Request: POST https://api.telegram.org/bot6498122288:AAEwLtSx9AeMnXMt5VeWlzpx3csNF-MUCd4/getUpdates "HTTP/1.1 200 OK"
2024-02-13 03:29:22 - httpx - INFO - HTTP Request: POST https://api.telegram.org/bot6498122288:AAEwLtSx9AeMnXMt5VeWlzpx3csNF-MUCd4/getUpdates "HTTP/1.1 200 OK"
2024-02-13 03:29:32 - httpx - INFO - HTTP Request: POST https://api.telegram.org/bot6498122288:AAEwLtSx9AeMnXMt5VeWlzpx3csNF-MUCd4/getUpdates "HTTP/1.1 200 OK"
2024-02-13 03:29:42 - httpx - INFO - HTTP Request: POST https://api.telegram.org/bot6498122288:AAEwLtSx9AeMnXMt5VeWlzpx3csNF-MUCd4/getUpdates "HTTP/1.1 200 OK"
2024-02-13 03:29:52 - httpx - INFO - HTTP Request: POST https://api.telegram.org/bot6498122288:AAEwLtSx9AeMnXMt5VeWlzpx3csNF-MUCd4/getUpdates "HTTP/1.1 200 OK"
2024-02-13 03:30:02 - httpx - INFO - HTTP Request: POST https://api.telegram.org/bot6498122288:AAEwLtSx9AeMnXMt5VeWlzpx3csNF-MUCd4/getUpdates "HTTP/1.1 200 OK"
2024-02-13 03:30:12 - httpx - INFO - HTTP Request: POST https://api.telegram.org/bot6498122288:AAEwLtSx9AeMnXMt5VeWlzpx3csNF-MUCd4/getUpdates "HTTP/1.1 200 OK"
2024-02-13 03:30:22 - httpx - INFO - HTTP Request: POST https://api.telegram.org/bot6498122288:AAEwLtSx9AeMnXMt5VeWlzpx3csNF-MUCd4/getUpdates "HTTP/1.1 200 OK"
2024-02-13 03:30:32 - httpx - INFO - HTTP Request: POST https://api.telegram.org/bot6498122288:AAEwLtSx9AeMnXMt5VeWlzpx3csNF-MUCd4/getUpdates "HTTP/1.1 200 OK"
2024-02-13 03:30:42 - httpx - INFO - HTTP Request: POST https://api.telegram.org/bot6498122288:AAEwLtSx9AeMnXMt5VeWlzpx3csNF-MUCd4/getUpdates "HTTP/1.1 200 OK"
2024-02-13 03:30:52 - httpx - INFO - HTTP Request: POST https://api.telegram.org/bot6498122288:AAEwLtSx9AeMnXMt5VeWlzpx3csNF-MUCd4/getUpdates "HTTP/1.1 200 OK"
2024-02-13 03:31:02 - httpx - INFO - HTTP Request: POST https://api.telegram.org/bot6498122288:AAEwLtSx9AeMnXMt5VeWlzpx3csNF-MUCd4/getUpdates "HTTP/1.1 200 OK"
2024-02-13 03:31:12 - httpx - INFO - HTTP Request: POST https://api.telegram.org/bot6498122288:AAEwLtSx9AeMnXMt5VeWlzpx3csNF-MUCd4/getUpdates "HTTP/1.1 200 OK"
2024-02-13 03:31:22 - httpx - INFO - HTTP Request: POST https://api.telegram.org/bot6498122288:AAEwLtSx9AeMnXMt5VeWlzpx3csNF-MUCd4/getUpdates "HTTP/1.1 200 OK"
2024-02-13 03:31:32 - httpx - INFO - HTTP Request: POST https://api.telegram.org/bot6498122288:AAEwLtSx9AeMnXMt5VeWlzpx3csNF-MUCd4/getUpdates "HTTP/1.1 200 OK"
2024-02-13 03:31:42 - httpx - INFO - HTTP Request: POST https://api.telegram.org/bot6498122288:AAEwLtSx9AeMnXMt5VeWlzpx3csNF-MUCd4/getUpdates "HTTP/1.1 200 OK"
2024-02-13 03:31:52 - httpx - INFO - HTTP Request: POST https://api.telegram.org/bot6498122288:AAEwLtSx9AeMnXMt5VeWlzpx3csNF-MUCd4/getUpdates "HTTP/1.1 200 OK"
2024-02-13 03:32:02 - httpx - INFO - HTTP Request: POST https://api.telegram.org/bot6498122288:AAEwLtSx9AeMnXMt5VeWlzpx3csNF-MUCd4/getUpdates "HTTP/1.1 200 OK"
2024-02-13 03:32:12 - httpx - INFO - HTTP Request: POST https://api.telegram.org/bot6498122288:AAEwLtSx9AeMnXMt5VeWlzpx3csNF-MUCd4/getUpdates "HTTP/1.1 200 OK"
2024-02-13 03:32:23 - httpx - INFO - HTTP Request: POST https://api.telegram.org/bot6498122288:AAEwLtSx9AeMnXMt5VeWlzpx3csNF-MUCd4/getUpdates "HTTP/1.1 200 OK"
2024-02-13 03:32:33 - httpx - INFO - HTTP Request: POST https://api.telegram.org/bot6498122288:AAEwLtSx9AeMnXMt5VeWlzpx3csNF-MUCd4/getUpdates "HTTP/1.1 200 OK"
2024-02-13 03:32:43 - httpx - INFO - HTTP Request: POST https://api.telegram.org/bot6498122288:AAEwLtSx9AeMnXMt5VeWlzpx3csNF-MUCd4/getUpdates "HTTP/1.1 200 OK"
2024-02-13 03:32:53 - httpx - INFO - HTTP Request: POST https://api.telegram.org/bot6498122288:AAEwLtSx9AeMnXMt5VeWlzpx3csNF-MUCd4/getUpdates "HTTP/1.1 200 OK"
2024-02-13 03:33:03 - httpx - INFO - HTTP Request: POST https://api.telegram.org/bot6498122288:AAEwLtSx9AeMnXMt5VeWlzpx3csNF-MUCd4/getUpdates "HTTP/1.1 200 OK"
2024-02-13 03:33:13 - httpx - INFO - HTTP Request: POST https://api.telegram.org/bot6498122288:AAEwLtSx9AeMnXMt5VeWlzpx3csNF-MUCd4/getUpdates "HTTP/1.1 200 OK"
2024-02-13 03:33:23 - httpx - INFO - HTTP Request: POST https://api.telegram.org/bot6498122288:AAEwLtSx9AeMnXMt5VeWlzpx3csNF-MUCd4/getUpdates "HTTP/1.1 200 OK"
2024-02-13 03:33:33 - httpx - INFO - HTTP Request: POST https://api.telegram.org/bot6498122288:AAEwLtSx9AeMnXMt5VeWlzpx3csNF-MUCd4/getUpdates "HTTP/1.1 200 OK"
2024-02-13 03:33:43 - httpx - INFO - HTTP Request: POST https://api.telegram.org/bot6498122288:AAEwLtSx9AeMnXMt5VeWlzpx3csNF-MUCd4/getUpdates "HTTP/1.1 200 OK"
2024-02-13 03:33:53 - httpx - INFO - HTTP Request: POST https://api.telegram.org/bot6498122288:AAEwLtSx9AeMnXMt5VeWlzpx3csNF-MUCd4/getUpdates "HTTP/1.1 200 OK"
2024-02-13 03:34:03 - httpx - INFO - HTTP Request: POST https://api.telegram.org/bot6498122288:AAEwLtSx9AeMnXMt5VeWlzpx3csNF-MUCd4/getUpdates "HTTP/1.1 200 OK"
2024-02-13 03:34:13 - httpx - INFO - HTTP Request: POST https://api.telegram.org/bot6498122288:AAEwLtSx9AeMnXMt5VeWlzpx3csNF-MUCd4/getUpdates "HTTP/1.1 200 OK"
2024-02-13 03:34:23 - httpx - INFO - HTTP Request: POST https://api.telegram.org/bot6498122288:AAEwLtSx9AeMnXMt5VeWlzpx3csNF-MUCd4/getUpdates "HTTP/1.1 200 OK"
2024-02-13 03:34:33 - httpx - INFO - HTTP Request: POST https://api.telegram.org/bot6498122288:AAEwLtSx9AeMnXMt5VeWlzpx3csNF-MUCd4/getUpdates "HTTP/1.1 200 OK"
2024-02-13 03:34:43 - httpx - INFO - HTTP Request: POST https://api.telegram.org/bot6498122288:AAEwLtSx9AeMnXMt5VeWlzpx3csNF-MUCd4/getUpdates "HTTP/1.1 200 OK"
2024-02-13 03:34:53 - httpx - INFO - HTTP Request: POST https://api.telegram.org/bot6498122288:AAEwLtSx9AeMnXMt5VeWlzpx3csNF-MUCd4/getUpdates "HTTP/1.1 200 OK"
2024-02-13 03:35:03 - httpx - INFO - HTTP Request: POST https://api.telegram.org/bot6498122288:AAEwLtSx9AeMnXMt5VeWlzpx3csNF-MUCd4/getUpdates "HTTP/1.1 200 OK"
2024-02-13 03:35:13 - httpx - INFO - HTTP Request: POST https://api.telegram.org/bot6498122288:AAEwLtSx9AeMnXMt5VeWlzpx3csNF-MUCd4/getUpdates "HTTP/1.1 200 OK"
2024-02-13 03:35:23 - httpx - INFO - HTTP Request: POST https://api.telegram.org/bot6498122288:AAEwLtSx9AeMnXMt5VeWlzpx3csNF-MUCd4/getUpdates "HTTP/1.1 200 OK"
2024-02-13 03:35:34 - httpx - INFO - HTTP Request: POST https://api.telegram.org/bot6498122288:AAEwLtSx9AeMnXMt5VeWlzpx3csNF-MUCd4/getUpdates "HTTP/1.1 200 OK"
2024-02-13 03:35:44 - httpx - INFO - HTTP Request: POST https://api.telegram.org/bot6498122288:AAEwLtSx9AeMnXMt5VeWlzpx3csNF-MUCd4/getUpdates "HTTP/1.1 200 OK"
2024-02-13 03:35:54 - httpx - INFO - HTTP Request: POST https://api.telegram.org/bot6498122288:AAEwLtSx9AeMnXMt5VeWlzpx3csNF-MUCd4/getUpdates "HTTP/1.1 200 OK"
2024-02-13 03:36:04 - httpx - INFO - HTTP Request: POST https://api.telegram.org/bot6498122288:AAEwLtSx9AeMnXMt5VeWlzpx3csNF-MUCd4/getUpdates "HTTP/1.1 200 OK"
2024-02-13 03:36:14 - httpx - INFO - HTTP Request: POST https://api.telegram.org/bot6498122288:AAEwLtSx9AeMnXMt5VeWlzpx3csNF-MUCd4/getUpdates "HTTP/1.1 200 OK"
2024-02-13 03:36:24 - httpx - INFO - HTTP Request: POST https://api.telegram.org/bot6498122288:AAEwLtSx9AeMnXMt5VeWlzpx3csNF-MUCd4/getUpdates "HTTP/1.1 200 OK"
2024-02-13 03:36:34 - httpx - INFO - HTTP Request: POST https://api.telegram.org/bot6498122288:AAEwLtSx9AeMnXMt5VeWlzpx3csNF-MUCd4/getUpdates "HTTP/1.1 200 OK"
2024-02-13 03:36:44 - httpx - INFO - HTTP Request: POST https://api.telegram.org/bot6498122288:AAEwLtSx9AeMnXMt5VeWlzpx3csNF-MUCd4/getUpdates "HTTP/1.1 200 OK"
2024-02-13 03:36:54 - httpx - INFO - HTTP Request: POST https://api.telegram.org/bot6498122288:AAEwLtSx9AeMnXMt5VeWlzpx3csNF-MUCd4/getUpdates "HTTP/1.1 200 OK"
2024-02-13 03:37:04 - httpx - INFO - HTTP Request: POST https://api.telegram.org/bot6498122288:AAEwLtSx9AeMnXMt5VeWlzpx3csNF-MUCd4/getUpdates "HTTP/1.1 200 OK"
2024-02-13 03:37:14 - httpx - INFO - HTTP Request: POST https://api.telegram.org/bot6498122288:AAEwLtSx9AeMnXMt5VeWlzpx3csNF-MUCd4/getUpdates "HTTP/1.1 200 OK"
2024-02-13 03:37:24 - httpx - INFO - HTTP Request: POST https://api.telegram.org/bot6498122288:AAEwLtSx9AeMnXMt5VeWlzpx3csNF-MUCd4/getUpdates "HTTP/1.1 200 OK"
2024-02-13 03:37:34 - httpx - INFO - HTTP Request: POST https://api.telegram.org/bot6498122288:AAEwLtSx9AeMnXMt5VeWlzpx3csNF-MUCd4/getUpdates "HTTP/1.1 200 OK"
2024-02-13 03:37:44 - httpx - INFO - HTTP Request: POST https://api.telegram.org/bot6498122288:AAEwLtSx9AeMnXMt5VeWlzpx3csNF-MUCd4/getUpdates "HTTP/1.1 200 OK"
2024-02-13 03:37:54 - httpx - INFO - HTTP Request: POST https://api.telegram.org/bot6498122288:AAEwLtSx9AeMnXMt5VeWlzpx3csNF-MUCd4/getUpdates "HTTP/1.1 200 OK"
2024-02-13 03:38:04 - httpx - INFO - HTTP Request: POST https://api.telegram.org/bot6498122288:AAEwLtSx9AeMnXMt5VeWlzpx3csNF-MUCd4/getUpdates "HTTP/1.1 200 OK"
2024-02-13 03:38:14 - httpx - INFO - HTTP Request: POST https://api.telegram.org/bot6498122288:AAEwLtSx9AeMnXMt5VeWlzpx3csNF-MUCd4/getUpdates "HTTP/1.1 200 OK"
2024-02-13 03:38:24 - httpx - INFO - HTTP Request: POST https://api.telegram.org/bot6498122288:AAEwLtSx9AeMnXMt5VeWlzpx3csNF-MUCd4/getUpdates "HTTP/1.1 200 OK"
2024-02-13 03:38:34 - httpx - INFO - HTTP Request: POST https://api.telegram.org/bot6498122288:AAEwLtSx9AeMnXMt5VeWlzpx3csNF-MUCd4/getUpdates "HTTP/1.1 200 OK"
2024-02-13 03:38:44 - httpx - INFO - HTTP Request: POST https://api.telegram.org/bot6498122288:AAEwLtSx9AeMnXMt5VeWlzpx3csNF-MUCd4/getUpdates "HTTP/1.1 200 OK"
2024-02-13 03:38:55 - httpx - INFO - HTTP Request: POST https://api.telegram.org/bot6498122288:AAEwLtSx9AeMnXMt5VeWlzpx3csNF-MUCd4/getUpdates "HTTP/1.1 200 OK"
2024-02-13 03:39:05 - httpx - INFO - HTTP Request: POST https://api.telegram.org/bot6498122288:AAEwLtSx9AeMnXMt5VeWlzpx3csNF-MUCd4/getUpdates "HTTP/1.1 200 OK"
2024-02-13 03:39:15 - httpx - INFO - HTTP Request: POST https://api.telegram.org/bot6498122288:AAEwLtSx9AeMnXMt5VeWlzpx3csNF-MUCd4/getUpdates "HTTP/1.1 200 OK"
2024-02-13 03:39:25 - httpx - INFO - HTTP Request: POST https://api.telegram.org/bot6498122288:AAEwLtSx9AeMnXMt5VeWlzpx3csNF-MUCd4/getUpdates "HTTP/1.1 200 OK"
2024-02-13 03:39:35 - httpx - INFO - HTTP Request: POST https://api.telegram.org/bot6498122288:AAEwLtSx9AeMnXMt5VeWlzpx3csNF-MUCd4/getUpdates "HTTP/1.1 200 OK"
2024-02-13 03:39:45 - httpx - INFO - HTTP Request: POST https://api.telegram.org/bot6498122288:AAEwLtSx9AeMnXMt5VeWlzpx3csNF-MUCd4/getUpdates "HTTP/1.1 200 OK"
2024-02-13 03:39:55 - httpx - INFO - HTTP Request: POST https://api.telegram.org/bot6498122288:AAEwLtSx9AeMnXMt5VeWlzpx3csNF-MUCd4/getUpdates "HTTP/1.1 200 OK"
2024-02-13 03:40:05 - httpx - INFO - HTTP Request: POST https://api.telegram.org/bot6498122288:AAEwLtSx9AeMnXMt5VeWlzpx3csNF-MUCd4/getUpdates "HTTP/1.1 200 OK"
2024-02-13 03:40:15 - httpx - INFO - HTTP Request: POST https://api.telegram.org/bot6498122288:AAEwLtSx9AeMnXMt5VeWlzpx3csNF-MUCd4/getUpdates "HTTP/1.1 200 OK"
2024-02-13 03:40:25 - httpx - INFO - HTTP Request: POST https://api.telegram.org/bot6498122288:AAEwLtSx9AeMnXMt5VeWlzpx3csNF-MUCd4/getUpdates "HTTP/1.1 200 OK"
2024-02-13 03:40:35 - httpx - INFO - HTTP Request: POST https://api.telegram.org/bot6498122288:AAEwLtSx9AeMnXMt5VeWlzpx3csNF-MUCd4/getUpdates "HTTP/1.1 200 OK"
2024-02-13 03:40:45 - httpx - INFO - HTTP Request: POST https://api.telegram.org/bot6498122288:AAEwLtSx9AeMnXMt5VeWlzpx3csNF-MUCd4/getUpdates "HTTP/1.1 200 OK"
2024-02-13 03:40:55 - httpx - INFO - HTTP Request: POST https://api.telegram.org/bot6498122288:AAEwLtSx9AeMnXMt5VeWlzpx3csNF-MUCd4/getUpdates "HTTP/1.1 200 OK"
2024-02-13 03:41:05 - httpx - INFO - HTTP Request: POST https://api.telegram.org/bot6498122288:AAEwLtSx9AeMnXMt5VeWlzpx3csNF-MUCd4/getUpdates "HTTP/1.1 200 OK"
2024-02-13 03:41:15 - httpx - INFO - HTTP Request: POST https://api.telegram.org/bot6498122288:AAEwLtSx9AeMnXMt5VeWlzpx3csNF-MUCd4/getUpdates "HTTP/1.1 200 OK"
2024-02-13 03:41:25 - httpx - INFO - HTTP Request: POST https://api.telegram.org/bot6498122288:AAEwLtSx9AeMnXMt5VeWlzpx3csNF-MUCd4/getUpdates "HTTP/1.1 200 OK"
2024-02-13 03:41:35 - httpx - INFO - HTTP Request: POST https://api.telegram.org/bot6498122288:AAEwLtSx9AeMnXMt5VeWlzpx3csNF-MUCd4/getUpdates "HTTP/1.1 200 OK"
2024-02-13 03:41:46 - httpx - INFO - HTTP Request: POST https://api.telegram.org/bot6498122288:AAEwLtSx9AeMnXMt5VeWlzpx3csNF-MUCd4/getUpdates "HTTP/1.1 200 OK"
2024-02-13 03:41:56 - httpx - INFO - HTTP Request: POST https://api.telegram.org/bot6498122288:AAEwLtSx9AeMnXMt5VeWlzpx3csNF-MUCd4/getUpdates "HTTP/1.1 200 OK"
2024-02-13 03:42:06 - httpx - INFO - HTTP Request: POST https://api.telegram.org/bot6498122288:AAEwLtSx9AeMnXMt5VeWlzpx3csNF-MUCd4/getUpdates "HTTP/1.1 200 OK"
2024-02-13 03:42:16 - httpx - INFO - HTTP Request: POST https://api.telegram.org/bot6498122288:AAEwLtSx9AeMnXMt5VeWlzpx3csNF-MUCd4/getUpdates "HTTP/1.1 200 OK"
2024-02-13 03:42:26 - httpx - INFO - HTTP Request: POST https://api.telegram.org/bot6498122288:AAEwLtSx9AeMnXMt5VeWlzpx3csNF-MUCd4/getUpdates "HTTP/1.1 200 OK"
2024-02-13 03:42:36 - httpx - INFO - HTTP Request: POST https://api.telegram.org/bot6498122288:AAEwLtSx9AeMnXMt5VeWlzpx3csNF-MUCd4/getUpdates "HTTP/1.1 200 OK"
2024-02-13 03:42:46 - httpx - INFO - HTTP Request: POST https://api.telegram.org/bot6498122288:AAEwLtSx9AeMnXMt5VeWlzpx3csNF-MUCd4/getUpdates "HTTP/1.1 200 OK"
2024-02-13 03:42:56 - httpx - INFO - HTTP Request: POST https://api.telegram.org/bot6498122288:AAEwLtSx9AeMnXMt5VeWlzpx3csNF-MUCd4/getUpdates "HTTP/1.1 200 OK"
2024-02-13 03:43:06 - httpx - INFO - HTTP Request: POST https://api.telegram.org/bot6498122288:AAEwLtSx9AeMnXMt5VeWlzpx3csNF-MUCd4/getUpdates "HTTP/1.1 200 OK"
2024-02-13 03:43:16 - httpx - INFO - HTTP Request: POST https://api.telegram.org/bot6498122288:AAEwLtSx9AeMnXMt5VeWlzpx3csNF-MUCd4/getUpdates "HTTP/1.1 200 OK"
2024-02-13 03:43:21 - httpx - INFO - HTTP Request: POST https://api.telegram.org/bot6498122288:AAEwLtSx9AeMnXMt5VeWlzpx3csNF-MUCd4/getUpdates "HTTP/1.1 200 OK"
2024-02-13 03:43:21 - telegram.ext.Application - INFO - Application is stopping. This might take a moment.
2024-02-13 03:43:21 - telegram.ext.Application - INFO - Application.stop() complete
2024-02-13 15:22:55 - root - INFO - This is an informational message.
2024-02-13 15:22:55 - root - ERROR - This is an error message.
2024-02-13 15:22:55 - ShopBotLogger - INFO - Starting bot...
2024-02-13 15:22:56 - httpx - INFO - HTTP Request: POST https://api.telegram.org/bot6498122288:AAEwLtSx9AeMnXMt5VeWlzpx3csNF-MUCd4/getMe "HTTP/1.1 200 OK"
2024-02-13 15:22:56 - httpx - INFO - HTTP Request: POST https://api.telegram.org/bot6498122288:AAEwLtSx9AeMnXMt5VeWlzpx3csNF-MUCd4/deleteWebhook "HTTP/1.1 200 OK"
2024-02-13 15:22:56 - telegram.ext.Application - INFO - Application started
2024-02-13 15:23:06 - httpx - INFO - HTTP Request: POST https://api.telegram.org/bot6498122288:AAEwLtSx9AeMnXMt5VeWlzpx3csNF-MUCd4/getUpdates "HTTP/1.1 200 OK"
2024-02-13 15:23:16 - httpx - INFO - HTTP Request: POST https://api.telegram.org/bot6498122288:AAEwLtSx9AeMnXMt5VeWlzpx3csNF-MUCd4/getUpdates "HTTP/1.1 200 OK"
2024-02-13 15:23:20 - httpx - INFO - HTTP Request: POST https://api.telegram.org/bot6498122288:AAEwLtSx9AeMnXMt5VeWlzpx3csNF-MUCd4/getUpdates "HTTP/1.1 200 OK"
2024-02-13 15:23:20 - httpx - INFO - HTTP Request: POST https://api.telegram.org/bot6498122288:AAEwLtSx9AeMnXMt5VeWlzpx3csNF-MUCd4/sendMessage "HTTP/1.1 200 OK"
2024-02-13 15:23:25 - httpx - INFO - HTTP Request: POST https://api.telegram.org/bot6498122288:AAEwLtSx9AeMnXMt5VeWlzpx3csNF-MUCd4/getUpdates "HTTP/1.1 200 OK"
2024-02-13 15:23:25 - httpx - INFO - HTTP Request: POST https://api.telegram.org/bot6498122288:AAEwLtSx9AeMnXMt5VeWlzpx3csNF-MUCd4/sendMessage "HTTP/1.1 200 OK"
2024-02-13 15:23:35 - httpx - INFO - HTTP Request: POST https://api.telegram.org/bot6498122288:AAEwLtSx9AeMnXMt5VeWlzpx3csNF-MUCd4/getUpdates "HTTP/1.1 200 OK"
2024-02-13 15:23:36 - httpx - INFO - HTTP Request: POST https://api.telegram.org/bot6498122288:AAEwLtSx9AeMnXMt5VeWlzpx3csNF-MUCd4/getUpdates "HTTP/1.1 200 OK"
2024-02-13 15:23:36 - httpx - INFO - HTTP Request: POST https://api.telegram.org/bot6498122288:AAEwLtSx9AeMnXMt5VeWlzpx3csNF-MUCd4/sendMessage "HTTP/1.1 200 OK"
2024-02-13 15:23:42 - httpx - INFO - HTTP Request: POST https://api.telegram.org/bot6498122288:AAEwLtSx9AeMnXMt5VeWlzpx3csNF-MUCd4/getUpdates "HTTP/1.1 200 OK"
2024-02-13 15:23:42 - httpx - INFO - HTTP Request: POST https://api.telegram.org/bot6498122288:AAEwLtSx9AeMnXMt5VeWlzpx3csNF-MUCd4/sendMessage "HTTP/1.1 200 OK"
2024-02-13 15:23:47 - httpx - INFO - HTTP Request: POST https://api.telegram.org/bot6498122288:AAEwLtSx9AeMnXMt5VeWlzpx3csNF-MUCd4/getUpdates "HTTP/1.1 200 OK"
2024-02-13 15:23:47 - httpx - INFO - HTTP Request: POST https://api.telegram.org/bot6498122288:AAEwLtSx9AeMnXMt5VeWlzpx3csNF-MUCd4/sendMessage "HTTP/1.1 200 OK"
2024-02-13 15:23:55 - httpx - INFO - HTTP Request: POST https://api.telegram.org/bot6498122288:AAEwLtSx9AeMnXMt5VeWlzpx3csNF-MUCd4/getUpdates "HTTP/1.1 200 OK"
2024-02-13 15:23:55 - httpx - INFO - HTTP Request: POST https://api.telegram.org/bot6498122288:AAEwLtSx9AeMnXMt5VeWlzpx3csNF-MUCd4/sendMessage "HTTP/1.1 200 OK"
2024-02-13 15:24:05 - httpx - INFO - HTTP Request: POST https://api.telegram.org/bot6498122288:AAEwLtSx9AeMnXMt5VeWlzpx3csNF-MUCd4/getUpdates "HTTP/1.1 200 OK"
2024-02-13 15:24:15 - httpx - INFO - HTTP Request: POST https://api.telegram.org/bot6498122288:AAEwLtSx9AeMnXMt5VeWlzpx3csNF-MUCd4/getUpdates "HTTP/1.1 200 OK"
2024-02-13 15:24:25 - httpx - INFO - HTTP Request: POST https://api.telegram.org/bot6498122288:AAEwLtSx9AeMnXMt5VeWlzpx3csNF-MUCd4/getUpdates "HTTP/1.1 200 OK"
2024-02-13 15:24:35 - httpx - INFO - HTTP Request: POST https://api.telegram.org/bot6498122288:AAEwLtSx9AeMnXMt5VeWlzpx3csNF-MUCd4/getUpdates "HTTP/1.1 200 OK"
2024-02-13 15:24:45 - httpx - INFO - HTTP Request: POST https://api.telegram.org/bot6498122288:AAEwLtSx9AeMnXMt5VeWlzpx3csNF-MUCd4/getUpdates "HTTP/1.1 200 OK"
2024-02-13 15:24:55 - httpx - INFO - HTTP Request: POST https://api.telegram.org/bot6498122288:AAEwLtSx9AeMnXMt5VeWlzpx3csNF-MUCd4/getUpdates "HTTP/1.1 200 OK"
2024-02-13 15:25:01 - httpx - INFO - HTTP Request: POST https://api.telegram.org/bot6498122288:AAEwLtSx9AeMnXMt5VeWlzpx3csNF-MUCd4/getUpdates "HTTP/1.1 200 OK"
2024-02-13 15:25:01 - telegram.ext.Application - INFO - Application is stopping. This might take a moment.
2024-02-13 15:25:01 - telegram.ext.Application - INFO - Application.stop() complete
2024-02-13 15:49:44 - root - INFO - This is an informational message.
2024-02-13 15:49:44 - root - ERROR - This is an error message.
2024-02-13 15:49:45 - ShopBotLogger - INFO - Starting bot...
2024-02-13 15:49:45 - httpx - INFO - HTTP Request: POST https://api.telegram.org/bot6498122288:AAEwLtSx9AeMnXMt5VeWlzpx3csNF-MUCd4/getMe "HTTP/1.1 200 OK"
2024-02-13 15:49:45 - httpx - INFO - HTTP Request: POST https://api.telegram.org/bot6498122288:AAEwLtSx9AeMnXMt5VeWlzpx3csNF-MUCd4/deleteWebhook "HTTP/1.1 200 OK"
2024-02-13 15:49:45 - telegram.ext.Application - INFO - Application started
2024-02-13 15:49:45 - httpx - INFO - HTTP Request: POST https://api.telegram.org/bot6498122288:AAEwLtSx9AeMnXMt5VeWlzpx3csNF-MUCd4/getUpdates "HTTP/1.1 200 OK"
2024-02-13 15:49:45 - httpx - INFO - HTTP Request: POST https://api.telegram.org/bot6498122288:AAEwLtSx9AeMnXMt5VeWlzpx3csNF-MUCd4/sendMessage "HTTP/1.1 200 OK"
2024-02-13 15:49:53 - httpx - INFO - HTTP Request: POST https://api.telegram.org/bot6498122288:AAEwLtSx9AeMnXMt5VeWlzpx3csNF-MUCd4/getUpdates "HTTP/1.1 200 OK"
2024-02-13 15:49:53 - httpx - INFO - HTTP Request: POST https://api.telegram.org/bot6498122288:AAEwLtSx9AeMnXMt5VeWlzpx3csNF-MUCd4/sendMessage "HTTP/1.1 200 OK"
2024-02-13 15:50:03 - httpx - INFO - HTTP Request: POST https://api.telegram.org/bot6498122288:AAEwLtSx9AeMnXMt5VeWlzpx3csNF-MUCd4/getUpdates "HTTP/1.1 200 OK"
2024-02-13 15:50:13 - httpx - INFO - HTTP Request: POST https://api.telegram.org/bot6498122288:AAEwLtSx9AeMnXMt5VeWlzpx3csNF-MUCd4/getUpdates "HTTP/1.1 200 OK"
2024-02-13 15:50:23 - httpx - INFO - HTTP Request: POST https://api.telegram.org/bot6498122288:AAEwLtSx9AeMnXMt5VeWlzpx3csNF-MUCd4/getUpdates "HTTP/1.1 200 OK"
2024-02-13 15:50:33 - httpx - INFO - HTTP Request: POST https://api.telegram.org/bot6498122288:AAEwLtSx9AeMnXMt5VeWlzpx3csNF-MUCd4/getUpdates "HTTP/1.1 200 OK"
2024-02-13 15:50:43 - httpx - INFO - HTTP Request: POST https://api.telegram.org/bot6498122288:AAEwLtSx9AeMnXMt5VeWlzpx3csNF-MUCd4/getUpdates "HTTP/1.1 200 OK"
2024-02-13 15:50:53 - httpx - INFO - HTTP Request: POST https://api.telegram.org/bot6498122288:AAEwLtSx9AeMnXMt5VeWlzpx3csNF-MUCd4/getUpdates "HTTP/1.1 200 OK"
2024-02-13 15:51:04 - httpx - INFO - HTTP Request: POST https://api.telegram.org/bot6498122288:AAEwLtSx9AeMnXMt5VeWlzpx3csNF-MUCd4/getUpdates "HTTP/1.1 200 OK"
2024-02-13 15:51:14 - httpx - INFO - HTTP Request: POST https://api.telegram.org/bot6498122288:AAEwLtSx9AeMnXMt5VeWlzpx3csNF-MUCd4/getUpdates "HTTP/1.1 200 OK"
2024-02-13 15:51:24 - httpx - INFO - HTTP Request: POST https://api.telegram.org/bot6498122288:AAEwLtSx9AeMnXMt5VeWlzpx3csNF-MUCd4/getUpdates "HTTP/1.1 200 OK"
2024-02-13 15:51:34 - httpx - INFO - HTTP Request: POST https://api.telegram.org/bot6498122288:AAEwLtSx9AeMnXMt5VeWlzpx3csNF-MUCd4/getUpdates "HTTP/1.1 200 OK"
2024-02-13 15:51:44 - httpx - INFO - HTTP Request: POST https://api.telegram.org/bot6498122288:AAEwLtSx9AeMnXMt5VeWlzpx3csNF-MUCd4/getUpdates "HTTP/1.1 200 OK"
2024-02-13 15:51:54 - httpx - INFO - HTTP Request: POST https://api.telegram.org/bot6498122288:AAEwLtSx9AeMnXMt5VeWlzpx3csNF-MUCd4/getUpdates "HTTP/1.1 200 OK"
2024-02-13 15:52:04 - httpx - INFO - HTTP Request: POST https://api.telegram.org/bot6498122288:AAEwLtSx9AeMnXMt5VeWlzpx3csNF-MUCd4/getUpdates "HTTP/1.1 200 OK"
2024-02-13 15:52:14 - httpx - INFO - HTTP Request: POST https://api.telegram.org/bot6498122288:AAEwLtSx9AeMnXMt5VeWlzpx3csNF-MUCd4/getUpdates "HTTP/1.1 200 OK"
2024-02-13 15:52:24 - httpx - INFO - HTTP Request: POST https://api.telegram.org/bot6498122288:AAEwLtSx9AeMnXMt5VeWlzpx3csNF-MUCd4/getUpdates "HTTP/1.1 200 OK"
2024-02-13 15:52:34 - httpx - INFO - HTTP Request: POST https://api.telegram.org/bot6498122288:AAEwLtSx9AeMnXMt5VeWlzpx3csNF-MUCd4/getUpdates "HTTP/1.1 200 OK"
2024-02-13 15:52:37 - httpx - INFO - HTTP Request: POST https://api.telegram.org/bot6498122288:AAEwLtSx9AeMnXMt5VeWlzpx3csNF-MUCd4/getUpdates "HTTP/1.1 200 OK"
2024-02-13 15:52:37 - httpx - INFO - HTTP Request: POST https://api.telegram.org/bot6498122288:AAEwLtSx9AeMnXMt5VeWlzpx3csNF-MUCd4/sendMessage "HTTP/1.1 200 OK"
2024-02-13 15:52:47 - httpx - INFO - HTTP Request: POST https://api.telegram.org/bot6498122288:AAEwLtSx9AeMnXMt5VeWlzpx3csNF-MUCd4/getUpdates "HTTP/1.1 200 OK"
2024-02-13 15:52:50 - httpx - INFO - HTTP Request: POST https://api.telegram.org/bot6498122288:AAEwLtSx9AeMnXMt5VeWlzpx3csNF-MUCd4/getUpdates "HTTP/1.1 200 OK"
2024-02-13 15:52:50 - telegram.ext.Application - INFO - Application is stopping. This might take a moment.
2024-02-13 15:52:50 - telegram.ext.Application - INFO - Application.stop() complete
2024-02-13 15:52:52 - root - INFO - This is an informational message.
2024-02-13 15:52:52 - root - ERROR - This is an error message.
2024-02-13 15:52:53 - ShopBotLogger - INFO - Starting bot...
2024-02-13 15:52:53 - httpx - INFO - HTTP Request: POST https://api.telegram.org/bot6498122288:AAEwLtSx9AeMnXMt5VeWlzpx3csNF-MUCd4/getMe "HTTP/1.1 200 OK"
2024-02-13 15:52:53 - httpx - INFO - HTTP Request: POST https://api.telegram.org/bot6498122288:AAEwLtSx9AeMnXMt5VeWlzpx3csNF-MUCd4/deleteWebhook "HTTP/1.1 200 OK"
2024-02-13 15:52:53 - telegram.ext.Application - INFO - Application started
2024-02-13 15:53:02 - httpx - INFO - HTTP Request: POST https://api.telegram.org/bot6498122288:AAEwLtSx9AeMnXMt5VeWlzpx3csNF-MUCd4/getUpdates "HTTP/1.1 200 OK"
2024-02-13 15:53:02 - httpx - INFO - HTTP Request: POST https://api.telegram.org/bot6498122288:AAEwLtSx9AeMnXMt5VeWlzpx3csNF-MUCd4/sendMessage "HTTP/1.1 200 OK"
2024-02-13 15:53:12 - httpx - INFO - HTTP Request: POST https://api.telegram.org/bot6498122288:AAEwLtSx9AeMnXMt5VeWlzpx3csNF-MUCd4/getUpdates "HTTP/1.1 200 OK"
2024-02-13 15:53:22 - httpx - INFO - HTTP Request: POST https://api.telegram.org/bot6498122288:AAEwLtSx9AeMnXMt5VeWlzpx3csNF-MUCd4/getUpdates "HTTP/1.1 200 OK"
2024-02-13 15:53:22 - httpx - INFO - HTTP Request: POST https://api.telegram.org/bot6498122288:AAEwLtSx9AeMnXMt5VeWlzpx3csNF-MUCd4/getUpdates "HTTP/1.1 200 OK"
2024-02-13 15:53:23 - httpx - INFO - HTTP Request: POST https://api.telegram.org/bot6498122288:AAEwLtSx9AeMnXMt5VeWlzpx3csNF-MUCd4/sendMessage "HTTP/1.1 200 OK"
2024-02-13 15:53:32 - httpx - INFO - HTTP Request: POST https://api.telegram.org/bot6498122288:AAEwLtSx9AeMnXMt5VeWlzpx3csNF-MUCd4/getUpdates "HTTP/1.1 200 OK"
2024-02-13 15:53:33 - httpx - INFO - HTTP Request: POST https://api.telegram.org/bot6498122288:AAEwLtSx9AeMnXMt5VeWlzpx3csNF-MUCd4/getUpdates "HTTP/1.1 200 OK"
2024-02-13 15:53:33 - httpx - INFO - HTTP Request: POST https://api.telegram.org/bot6498122288:AAEwLtSx9AeMnXMt5VeWlzpx3csNF-MUCd4/sendMessage "HTTP/1.1 200 OK"
2024-02-13 15:53:43 - httpx - INFO - HTTP Request: POST https://api.telegram.org/bot6498122288:AAEwLtSx9AeMnXMt5VeWlzpx3csNF-MUCd4/getUpdates "HTTP/1.1 200 OK"
2024-02-13 15:53:53 - httpx - INFO - HTTP Request: POST https://api.telegram.org/bot6498122288:AAEwLtSx9AeMnXMt5VeWlzpx3csNF-MUCd4/getUpdates "HTTP/1.1 200 OK"
2024-02-13 15:54:03 - httpx - INFO - HTTP Request: POST https://api.telegram.org/bot6498122288:AAEwLtSx9AeMnXMt5VeWlzpx3csNF-MUCd4/getUpdates "HTTP/1.1 200 OK"
2024-02-13 15:54:13 - httpx - INFO - HTTP Request: POST https://api.telegram.org/bot6498122288:AAEwLtSx9AeMnXMt5VeWlzpx3csNF-MUCd4/getUpdates "HTTP/1.1 200 OK"
2024-02-13 15:54:23 - httpx - INFO - HTTP Request: POST https://api.telegram.org/bot6498122288:AAEwLtSx9AeMnXMt5VeWlzpx3csNF-MUCd4/getUpdates "HTTP/1.1 200 OK"
2024-02-13 15:54:34 - httpx - INFO - HTTP Request: POST https://api.telegram.org/bot6498122288:AAEwLtSx9AeMnXMt5VeWlzpx3csNF-MUCd4/getUpdates "HTTP/1.1 200 OK"
2024-02-13 15:54:40 - httpx - INFO - HTTP Request: POST https://api.telegram.org/bot6498122288:AAEwLtSx9AeMnXMt5VeWlzpx3csNF-MUCd4/getUpdates "HTTP/1.1 200 OK"
2024-02-13 15:54:40 - httpx - INFO - HTTP Request: POST https://api.telegram.org/bot6498122288:AAEwLtSx9AeMnXMt5VeWlzpx3csNF-MUCd4/sendMessage "HTTP/1.1 200 OK"
2024-02-13 15:54:50 - httpx - INFO - HTTP Request: POST https://api.telegram.org/bot6498122288:AAEwLtSx9AeMnXMt5VeWlzpx3csNF-MUCd4/getUpdates "HTTP/1.1 200 OK"
2024-02-13 15:54:59 - httpx - INFO - HTTP Request: POST https://api.telegram.org/bot6498122288:AAEwLtSx9AeMnXMt5VeWlzpx3csNF-MUCd4/getUpdates "HTTP/1.1 200 OK"
2024-02-13 15:54:59 - httpx - INFO - HTTP Request: POST https://api.telegram.org/bot6498122288:AAEwLtSx9AeMnXMt5VeWlzpx3csNF-MUCd4/sendMessage "HTTP/1.1 200 OK"
2024-02-13 15:55:09 - httpx - INFO - HTTP Request: POST https://api.telegram.org/bot6498122288:AAEwLtSx9AeMnXMt5VeWlzpx3csNF-MUCd4/getUpdates "HTTP/1.1 200 OK"
2024-02-13 15:55:18 - httpx - INFO - HTTP Request: POST https://api.telegram.org/bot6498122288:AAEwLtSx9AeMnXMt5VeWlzpx3csNF-MUCd4/getUpdates "HTTP/1.1 200 OK"
2024-02-13 15:55:18 - httpx - INFO - HTTP Request: POST https://api.telegram.org/bot6498122288:AAEwLtSx9AeMnXMt5VeWlzpx3csNF-MUCd4/sendMessage "HTTP/1.1 200 OK"
2024-02-13 15:55:28 - httpx - INFO - HTTP Request: POST https://api.telegram.org/bot6498122288:AAEwLtSx9AeMnXMt5VeWlzpx3csNF-MUCd4/getUpdates "HTTP/1.1 200 OK"
2024-02-13 15:55:28 - httpx - INFO - HTTP Request: POST https://api.telegram.org/bot6498122288:AAEwLtSx9AeMnXMt5VeWlzpx3csNF-MUCd4/getUpdates "HTTP/1.1 200 OK"
2024-02-13 15:55:28 - httpx - INFO - HTTP Request: POST https://api.telegram.org/bot6498122288:AAEwLtSx9AeMnXMt5VeWlzpx3csNF-MUCd4/sendMessage "HTTP/1.1 200 OK"
2024-02-13 15:55:38 - httpx - INFO - HTTP Request: POST https://api.telegram.org/bot6498122288:AAEwLtSx9AeMnXMt5VeWlzpx3csNF-MUCd4/getUpdates "HTTP/1.1 200 OK"
2024-02-13 15:55:39 - httpx - INFO - HTTP Request: POST https://api.telegram.org/bot6498122288:AAEwLtSx9AeMnXMt5VeWlzpx3csNF-MUCd4/getUpdates "HTTP/1.1 200 OK"
2024-02-13 15:55:39 - httpx - INFO - HTTP Request: POST https://api.telegram.org/bot6498122288:AAEwLtSx9AeMnXMt5VeWlzpx3csNF-MUCd4/sendMessage "HTTP/1.1 200 OK"
2024-02-13 15:55:49 - httpx - INFO - HTTP Request: POST https://api.telegram.org/bot6498122288:AAEwLtSx9AeMnXMt5VeWlzpx3csNF-MUCd4/getUpdates "HTTP/1.1 200 OK"
2024-02-13 15:55:59 - httpx - INFO - HTTP Request: POST https://api.telegram.org/bot6498122288:AAEwLtSx9AeMnXMt5VeWlzpx3csNF-MUCd4/getUpdates "HTTP/1.1 200 OK"
2024-02-13 15:56:09 - httpx - INFO - HTTP Request: POST https://api.telegram.org/bot6498122288:AAEwLtSx9AeMnXMt5VeWlzpx3csNF-MUCd4/getUpdates "HTTP/1.1 200 OK"
2024-02-13 15:56:19 - httpx - INFO - HTTP Request: POST https://api.telegram.org/bot6498122288:AAEwLtSx9AeMnXMt5VeWlzpx3csNF-MUCd4/getUpdates "HTTP/1.1 200 OK"
2024-02-13 15:56:29 - httpx - INFO - HTTP Request: POST https://api.telegram.org/bot6498122288:AAEwLtSx9AeMnXMt5VeWlzpx3csNF-MUCd4/getUpdates "HTTP/1.1 200 OK"
2024-02-13 15:56:39 - httpx - INFO - HTTP Request: POST https://api.telegram.org/bot6498122288:AAEwLtSx9AeMnXMt5VeWlzpx3csNF-MUCd4/getUpdates "HTTP/1.1 200 OK"
2024-02-13 15:56:43 - httpx - INFO - HTTP Request: POST https://api.telegram.org/bot6498122288:AAEwLtSx9AeMnXMt5VeWlzpx3csNF-MUCd4/getUpdates "HTTP/1.1 200 OK"
2024-02-13 15:56:43 - httpx - INFO - HTTP Request: POST https://api.telegram.org/bot6498122288:AAEwLtSx9AeMnXMt5VeWlzpx3csNF-MUCd4/sendMessage "HTTP/1.1 200 OK"
2024-02-13 15:56:53 - httpx - INFO - HTTP Request: POST https://api.telegram.org/bot6498122288:AAEwLtSx9AeMnXMt5VeWlzpx3csNF-MUCd4/getUpdates "HTTP/1.1 200 OK"
2024-02-13 15:56:55 - httpx - INFO - HTTP Request: POST https://api.telegram.org/bot6498122288:AAEwLtSx9AeMnXMt5VeWlzpx3csNF-MUCd4/getUpdates "HTTP/1.1 200 OK"
2024-02-13 15:56:56 - httpx - INFO - HTTP Request: POST https://api.telegram.org/bot6498122288:AAEwLtSx9AeMnXMt5VeWlzpx3csNF-MUCd4/sendMessage "HTTP/1.1 200 OK"
2024-02-13 15:57:05 - httpx - INFO - HTTP Request: POST https://api.telegram.org/bot6498122288:AAEwLtSx9AeMnXMt5VeWlzpx3csNF-MUCd4/getUpdates "HTTP/1.1 200 OK"
2024-02-13 15:57:15 - httpx - INFO - HTTP Request: POST https://api.telegram.org/bot6498122288:AAEwLtSx9AeMnXMt5VeWlzpx3csNF-MUCd4/getUpdates "HTTP/1.1 200 OK"
2024-02-13 15:57:26 - httpx - INFO - HTTP Request: POST https://api.telegram.org/bot6498122288:AAEwLtSx9AeMnXMt5VeWlzpx3csNF-MUCd4/getUpdates "HTTP/1.1 200 OK"
2024-02-13 15:57:36 - httpx - INFO - HTTP Request: POST https://api.telegram.org/bot6498122288:AAEwLtSx9AeMnXMt5VeWlzpx3csNF-MUCd4/getUpdates "HTTP/1.1 200 OK"
2024-02-13 15:57:46 - httpx - INFO - HTTP Request: POST https://api.telegram.org/bot6498122288:AAEwLtSx9AeMnXMt5VeWlzpx3csNF-MUCd4/getUpdates "HTTP/1.1 200 OK"
2024-02-13 15:57:56 - httpx - INFO - HTTP Request: POST https://api.telegram.org/bot6498122288:AAEwLtSx9AeMnXMt5VeWlzpx3csNF-MUCd4/getUpdates "HTTP/1.1 200 OK"
2024-02-13 15:58:06 - httpx - INFO - HTTP Request: POST https://api.telegram.org/bot6498122288:AAEwLtSx9AeMnXMt5VeWlzpx3csNF-MUCd4/getUpdates "HTTP/1.1 200 OK"
2024-02-13 15:58:16 - httpx - INFO - HTTP Request: POST https://api.telegram.org/bot6498122288:AAEwLtSx9AeMnXMt5VeWlzpx3csNF-MUCd4/getUpdates "HTTP/1.1 200 OK"
2024-02-13 15:58:26 - httpx - INFO - HTTP Request: POST https://api.telegram.org/bot6498122288:AAEwLtSx9AeMnXMt5VeWlzpx3csNF-MUCd4/getUpdates "HTTP/1.1 200 OK"
2024-02-13 15:58:36 - httpx - INFO - HTTP Request: POST https://api.telegram.org/bot6498122288:AAEwLtSx9AeMnXMt5VeWlzpx3csNF-MUCd4/getUpdates "HTTP/1.1 200 OK"
2024-02-13 15:58:46 - httpx - INFO - HTTP Request: POST https://api.telegram.org/bot6498122288:AAEwLtSx9AeMnXMt5VeWlzpx3csNF-MUCd4/getUpdates "HTTP/1.1 200 OK"
2024-02-13 15:58:56 - httpx - INFO - HTTP Request: POST https://api.telegram.org/bot6498122288:AAEwLtSx9AeMnXMt5VeWlzpx3csNF-MUCd4/getUpdates "HTTP/1.1 200 OK"
2024-02-13 15:59:06 - httpx - INFO - HTTP Request: POST https://api.telegram.org/bot6498122288:AAEwLtSx9AeMnXMt5VeWlzpx3csNF-MUCd4/getUpdates "HTTP/1.1 200 OK"
2024-02-13 15:59:16 - httpx - INFO - HTTP Request: POST https://api.telegram.org/bot6498122288:AAEwLtSx9AeMnXMt5VeWlzpx3csNF-MUCd4/getUpdates "HTTP/1.1 200 OK"
2024-02-13 15:59:26 - httpx - INFO - HTTP Request: POST https://api.telegram.org/bot6498122288:AAEwLtSx9AeMnXMt5VeWlzpx3csNF-MUCd4/getUpdates "HTTP/1.1 200 OK"
2024-02-13 15:59:36 - httpx - INFO - HTTP Request: POST https://api.telegram.org/bot6498122288:AAEwLtSx9AeMnXMt5VeWlzpx3csNF-MUCd4/getUpdates "HTTP/1.1 200 OK"
2024-02-13 15:59:42 - httpx - INFO - HTTP Request: POST https://api.telegram.org/bot6498122288:AAEwLtSx9AeMnXMt5VeWlzpx3csNF-MUCd4/getUpdates "HTTP/1.1 200 OK"
2024-02-13 15:59:43 - httpx - INFO - HTTP Request: POST https://api.telegram.org/bot6498122288:AAEwLtSx9AeMnXMt5VeWlzpx3csNF-MUCd4/sendMessage "HTTP/1.1 200 OK"
2024-02-13 15:59:52 - httpx - INFO - HTTP Request: POST https://api.telegram.org/bot6498122288:AAEwLtSx9AeMnXMt5VeWlzpx3csNF-MUCd4/getUpdates "HTTP/1.1 200 OK"
2024-02-13 16:00:03 - httpx - INFO - HTTP Request: POST https://api.telegram.org/bot6498122288:AAEwLtSx9AeMnXMt5VeWlzpx3csNF-MUCd4/getUpdates "HTTP/1.1 200 OK"
2024-02-13 16:00:13 - httpx - INFO - HTTP Request: POST https://api.telegram.org/bot6498122288:AAEwLtSx9AeMnXMt5VeWlzpx3csNF-MUCd4/getUpdates "HTTP/1.1 200 OK"
2024-02-13 16:00:23 - httpx - INFO - HTTP Request: POST https://api.telegram.org/bot6498122288:AAEwLtSx9AeMnXMt5VeWlzpx3csNF-MUCd4/getUpdates "HTTP/1.1 200 OK"
2024-02-13 16:00:33 - httpx - INFO - HTTP Request: POST https://api.telegram.org/bot6498122288:AAEwLtSx9AeMnXMt5VeWlzpx3csNF-MUCd4/getUpdates "HTTP/1.1 200 OK"
2024-02-13 16:00:43 - httpx - INFO - HTTP Request: POST https://api.telegram.org/bot6498122288:AAEwLtSx9AeMnXMt5VeWlzpx3csNF-MUCd4/getUpdates "HTTP/1.1 200 OK"
2024-02-13 16:00:53 - httpx - INFO - HTTP Request: POST https://api.telegram.org/bot6498122288:AAEwLtSx9AeMnXMt5VeWlzpx3csNF-MUCd4/getUpdates "HTTP/1.1 200 OK"
2024-02-13 16:01:03 - httpx - INFO - HTTP Request: POST https://api.telegram.org/bot6498122288:AAEwLtSx9AeMnXMt5VeWlzpx3csNF-MUCd4/getUpdates "HTTP/1.1 200 OK"
2024-02-13 16:01:13 - httpx - INFO - HTTP Request: POST https://api.telegram.org/bot6498122288:AAEwLtSx9AeMnXMt5VeWlzpx3csNF-MUCd4/getUpdates "HTTP/1.1 200 OK"
2024-02-13 16:01:23 - httpx - INFO - HTTP Request: POST https://api.telegram.org/bot6498122288:AAEwLtSx9AeMnXMt5VeWlzpx3csNF-MUCd4/getUpdates "HTTP/1.1 200 OK"
2024-02-13 16:01:33 - httpx - INFO - HTTP Request: POST https://api.telegram.org/bot6498122288:AAEwLtSx9AeMnXMt5VeWlzpx3csNF-MUCd4/getUpdates "HTTP/1.1 200 OK"
2024-02-13 16:01:43 - httpx - INFO - HTTP Request: POST https://api.telegram.org/bot6498122288:AAEwLtSx9AeMnXMt5VeWlzpx3csNF-MUCd4/getUpdates "HTTP/1.1 200 OK"
2024-02-13 16:01:53 - httpx - INFO - HTTP Request: POST https://api.telegram.org/bot6498122288:AAEwLtSx9AeMnXMt5VeWlzpx3csNF-MUCd4/getUpdates "HTTP/1.1 200 OK"
2024-02-13 16:02:03 - httpx - INFO - HTTP Request: POST https://api.telegram.org/bot6498122288:AAEwLtSx9AeMnXMt5VeWlzpx3csNF-MUCd4/getUpdates "HTTP/1.1 200 OK"
2024-02-13 16:02:13 - httpx - INFO - HTTP Request: POST https://api.telegram.org/bot6498122288:AAEwLtSx9AeMnXMt5VeWlzpx3csNF-MUCd4/getUpdates "HTTP/1.1 200 OK"
2024-02-13 16:02:23 - httpx - INFO - HTTP Request: POST https://api.telegram.org/bot6498122288:AAEwLtSx9AeMnXMt5VeWlzpx3csNF-MUCd4/getUpdates "HTTP/1.1 200 OK"
2024-02-13 16:02:34 - httpx - INFO - HTTP Request: POST https://api.telegram.org/bot6498122288:AAEwLtSx9AeMnXMt5VeWlzpx3csNF-MUCd4/getUpdates "HTTP/1.1 200 OK"
2024-02-13 16:02:44 - httpx - INFO - HTTP Request: POST https://api.telegram.org/bot6498122288:AAEwLtSx9AeMnXMt5VeWlzpx3csNF-MUCd4/getUpdates "HTTP/1.1 200 OK"
2024-02-13 16:02:54 - httpx - INFO - HTTP Request: POST https://api.telegram.org/bot6498122288:AAEwLtSx9AeMnXMt5VeWlzpx3csNF-MUCd4/getUpdates "HTTP/1.1 200 OK"
2024-02-13 16:03:04 - httpx - INFO - HTTP Request: POST https://api.telegram.org/bot6498122288:AAEwLtSx9AeMnXMt5VeWlzpx3csNF-MUCd4/getUpdates "HTTP/1.1 200 OK"
2024-02-13 16:03:09 - httpx - INFO - HTTP Request: POST https://api.telegram.org/bot6498122288:AAEwLtSx9AeMnXMt5VeWlzpx3csNF-MUCd4/getUpdates "HTTP/1.1 200 OK"
2024-02-13 16:03:09 - telegram.ext.Application - INFO - Application is stopping. This might take a moment.
2024-02-13 16:03:09 - telegram.ext.Application - INFO - Application.stop() complete
